{
"/app/web2/server/app.js":{"path":"/app/web2/server/app.js","s":{"1":0,"2":0,"3":0,"4":0,"5":0,"6":0,"7":0,"8":0,"9":0,"10":0,"11":0,"12":0,"13":1,"14":0,"15":0,"16":0,"17":0,"18":0,"19":0,"20":0,"21":0,"22":0,"23":0,"24":1,"25":0,"26":0,"27":0,"28":0,"29":0},"b":{"1":[0,0],"2":[0,0]},"f":{"1":0,"2":0,"3":0,"4":0},"fnMap":{"1":{"name":"_interopRequireDefault","line":31,"loc":{"start":{"line":0,"column":0},"end":{"line":0,"column":0},"skip":true},"skip":true},"2":{"name":"(anonymous_2)","line":38,"loc":{"start":{"line":16,"column":32},"end":{"line":16,"column":46}}},"3":{"name":"startServer","line":50,"loc":{"start":{"line":28,"column":0},"end":{"line":28,"column":23}}},"4":{"name":"(anonymous_4)","line":51,"loc":{"start":{"line":29,"column":51},"end":{"line":29,"column":62}}}},"statementMap":{"1":{"start":{"line":0,"column":0},"end":{"line":0,"column":0},"skip":true},"2":{"start":{"line":0,"column":0},"end":{"line":0,"column":0},"skip":true},"3":{"start":{"line":7,"column":0},"end":{"line":7,"column":0}},"4":{"start":{"line":0,"column":0},"end":{"line":0,"column":0},"skip":true},"5":{"start":{"line":8,"column":0},"end":{"line":8,"column":0}},"6":{"start":{"line":0,"column":0},"end":{"line":0,"column":0},"skip":true},"7":{"start":{"line":10,"column":0},"end":{"line":10,"column":0}},"8":{"start":{"line":0,"column":0},"end":{"line":0,"column":0},"skip":true},"9":{"start":{"line":11,"column":0},"end":{"line":11,"column":0}},"10":{"start":{"line":0,"column":0},"end":{"line":0,"column":0},"skip":true},"11":{"start":{"line":12,"column":0},"end":{"line":12,"column":0}},"12":{"start":{"line":0,"column":0},"end":{"line":0,"column":0},"skip":true},"13":{"start":{"line":0,"column":0},"end":{"line":0,"column":0},"skip":true},"14":{"start":{"line":0,"column":0},"end":{"line":0,"column":0},"skip":true},"15":{"start":{"line":9,"column":0},"end":{"line":9,"column":0}},"16":{"start":{"line":15,"column":0},"end":{"line":15,"column":0}},"17":{"start":{"line":16,"column":0},"end":{"line":16,"column":0}},"18":{"start":{"line":17,"column":2},"end":{"line":17,"column":2}},"19":{"start":{"line":18,"column":2},"end":{"line":16,"column":46}},"20":{"start":{"line":22,"column":0},"end":{"line":22,"column":0}},"21":{"start":{"line":23,"column":0},"end":{"line":23,"column":0}},"22":{"start":{"line":24,"column":0},"end":{"line":24,"column":0}},"23":{"start":{"line":25,"column":0},"end":{"line":25,"column":0}},"24":{"start":{"line":28,"column":0},"end":{"line":32,"column":1}},"25":{"start":{"line":29,"column":2},"end":{"line":29,"column":2}},"26":{"start":{"line":30,"column":4},"end":{"line":30,"column":4}},"27":{"start":{"line":34,"column":0},"end":{"line":34,"column":0}},"28":{"start":{"line":35,"column":0},"end":{"line":35,"column":0}},"29":{"start":{"line":38,"column":0},"end":{"line":38,"column":0}}},"branchMap":{"1":{"line":31,"type":"cond-expr","locations":[{"start":{"line":0,"column":0},"end":{"line":0,"column":0},"skip":true},{"start":{"line":0,"column":0},"end":{"line":0,"column":0},"skip":true}]},"2":{"line":31,"type":"binary-expr","locations":[{"start":{"line":0,"column":0},"end":{"line":0,"column":0},"skip":true},{"start":{"line":0,"column":0},"end":{"line":0,"column":0},"skip":true}]}},"l":{"0":1,"7":0,"8":0,"9":0,"10":0,"11":0,"12":0,"15":0,"16":0,"17":0,"18":0,"22":0,"23":0,"24":0,"25":0,"28":1,"29":0,"30":0,"34":0,"35":0,"38":0}},
"/app/web2/server/index.js":{"path":"/app/web2/server/index.js","s":{"1":0,"2":0,"3":0,"4":0},"b":{"1":[0,0],"2":[0,0],"3":[0,0]},"f":{},"fnMap":{},"statementMap":{"1":{"start":{"line":4,"column":0},"end":{"line":4,"column":0}},"2":{"start":{"line":6,"column":0},"end":{"line":9,"column":1}},"3":{"start":{"line":8,"column":4},"end":{"line":8,"column":4}},"4":{"start":{"line":12,"column":0},"end":{"line":12,"column":0}}},"branchMap":{"1":{"line":6,"type":"binary-expr","locations":[{"start":{"line":4,"column":33},"end":{"line":4,"column":33}},{"start":{"line":4,"column":57},"end":{"line":4,"column":0}}]},"2":{"line":8,"type":"if","locations":[{"start":{"line":6,"column":0},"end":{"line":6,"column":0}},{"start":{"line":6,"column":0},"end":{"line":6,"column":0}}]},"3":{"line":8,"type":"binary-expr","locations":[{"start":{"line":6,"column":3},"end":{"line":6,"column":3}},{"start":{"line":6,"column":28},"end":{"line":6,"column":0}}]}},"l":{"4":0,"6":0,"8":0,"12":0}},
"/app/web2/server/routes.js":{"path":"/app/web2/server/routes.js","s":{"1":0,"2":0,"3":0,"4":0,"5":0,"6":0,"7":0,"8":0,"9":0,"10":0,"11":0,"12":0,"13":0,"14":1,"15":0,"16":0,"17":0,"18":0,"19":0,"20":0,"21":0,"22":0,"23":0,"24":1,"25":0},"b":{"1":[0,0],"2":[0,0],"3":[0,0],"4":[0,0],"5":[0,0],"6":[0,0]},"f":{"1":0,"2":0,"3":0},"fnMap":{"1":{"name":"(anonymous_1)","line":7,"loc":{"start":{"line":10,"column":15},"end":{"line":10,"column":29}}},"2":{"name":"_interopRequireWildcard","line":32,"loc":{"start":{"line":0,"column":0},"end":{"line":0,"column":0},"skip":true},"skip":true},"3":{"name":"_interopRequireDefault","line":34,"loc":{"start":{"line":0,"column":0},"end":{"line":0,"column":0},"skip":true},"skip":true}},"statementMap":{"1":{"start":{"line":0,"column":0},"end":{"line":0,"column":0},"skip":true},"2":{"start":{"line":0,"column":0},"end":{"line":0,"column":0},"skip":true},"3":{"start":{"line":11,"column":4},"end":{"line":11,"column":4}},"4":{"start":{"line":12,"column":4},"end":{"line":12,"column":4}},"5":{"start":{"line":15,"column":4},"end":{"line":15,"column":4}},"6":{"start":{"line":19,"column":4},"end":{"line":19,"column":4}},"7":{"start":{"line":21,"column":12},"end":{"line":21,"column":12}},"8":{"start":{"line":5,"column":0},"end":{"line":5,"column":0}},"9":{"start":{"line":0,"column":0},"end":{"line":0,"column":0},"skip":true},"10":{"start":{"line":6,"column":0},"end":{"line":6,"column":0}},"11":{"start":{"line":0,"column":0},"end":{"line":0,"column":0},"skip":true},"12":{"start":{"line":8,"column":0},"end":{"line":8,"column":0}},"13":{"start":{"line":0,"column":0},"end":{"line":0,"column":0},"skip":true},"14":{"start":{"line":0,"column":0},"end":{"line":0,"column":0},"skip":true},"15":{"start":{"line":0,"column":0},"end":{"line":0,"column":0},"skip":true},"16":{"start":{"line":0,"column":0},"end":{"line":0,"column":0},"skip":true},"17":{"start":{"line":0,"column":0},"end":{"line":0,"column":0},"skip":true},"18":{"start":{"line":0,"column":0},"end":{"line":0,"column":0},"skip":true},"19":{"start":{"line":0,"column":0},"end":{"line":0,"column":0},"skip":true},"20":{"start":{"line":0,"column":0},"end":{"line":0,"column":0},"skip":true},"21":{"start":{"line":0,"column":0},"end":{"line":0,"column":0},"skip":true},"22":{"start":{"line":0,"column":0},"end":{"line":0,"column":0},"skip":true},"23":{"start":{"line":0,"column":0},"end":{"line":0,"column":0},"skip":true},"24":{"start":{"line":0,"column":0},"end":{"line":0,"column":0},"skip":true},"25":{"start":{"line":0,"column":0},"end":{"line":0,"column":0},"skip":true}},"branchMap":{"1":{"line":32,"type":"if","locations":[{"start":{"line":0,"column":0},"end":{"line":0,"column":0},"skip":true},{"start":{"line":0,"column":0},"end":{"line":0,"column":0},"skip":true}]},"2":{"line":32,"type":"binary-expr","locations":[{"start":{"line":0,"column":0},"end":{"line":0,"column":0},"skip":true},{"start":{"line":0,"column":0},"end":{"line":0,"column":0},"skip":true}]},"3":{"line":32,"type":"if","locations":[{"start":{"line":0,"column":0},"end":{"line":0,"column":0},"skip":true},{"start":{"line":0,"column":0},"end":{"line":0,"column":0},"skip":true}]},"4":{"line":32,"type":"if","locations":[{"start":{"line":0,"column":0},"end":{"line":0,"column":0},"skip":true},{"start":{"line":0,"column":0},"end":{"line":0,"column":0},"skip":true}]},"5":{"line":34,"type":"cond-expr","locations":[{"start":{"line":0,"column":0},"end":{"line":0,"column":0},"skip":true},{"start":{"line":0,"column":0},"end":{"line":0,"column":0},"skip":true}]},"6":{"line":34,"type":"binary-expr","locations":[{"start":{"line":0,"column":0},"end":{"line":0,"column":0},"skip":true},{"start":{"line":0,"column":0},"end":{"line":0,"column":0},"skip":true}]}},"l":{"0":1,"5":0,"6":0,"8":0,"11":0,"12":0,"15":0,"19":0,"21":0}},
"/app/web2/server/auth/auth.service.js":{"path":"/app/web2/server/auth/auth.service.js","s":{"1":0,"2":0,"3":0,"4":0,"5":0,"6":0,"7":0,"8":0,"9":0,"10":0,"11":0,"12":0,"13":0,"14":0,"15":0,"16":1,"17":0,"18":0,"19":1,"20":0,"21":0,"22":0,"23":0,"24":0,"25":0,"26":0,"27":0,"28":0,"29":0,"30":0,"31":0,"32":0,"33":1,"34":0,"35":0,"36":0,"37":0,"38":0,"39":0,"40":1,"41":0,"42":1,"43":0,"44":0,"45":0,"46":0,"47":0},"b":{"1":[0,0],"2":[0,0],"3":[0,0],"4":[0,0],"5":[0,0],"6":[0,0],"7":[0,0],"8":[0,0],"9":[0,0],"10":[0,0]},"f":{"1":0,"2":0,"3":0,"4":0,"5":0,"6":0,"7":0,"8":0},"fnMap":{"1":{"name":"_interopRequireDefault","line":31,"loc":{"start":{"line":0,"column":0},"end":{"line":0,"column":0},"skip":true},"skip":true},"2":{"name":"isAuthenticated","line":41,"loc":{"start":{"line":15,"column":7},"end":{"line":15,"column":34}}},"3":{"name":"(anonymous_3)","line":44,"loc":{"start":{"line":18,"column":13},"end":{"line":18,"column":38}}},"4":{"name":"(anonymous_4)","line":56,"loc":{"start":{"line":30,"column":13},"end":{"line":30,"column":38}}},"5":{"name":"hasRole","line":71,"loc":{"start":{"line":47,"column":7},"end":{"line":47,"column":38}}},"6":{"name":"meetsRequirements","line":76,"loc":{"start":{"line":54,"column":13},"end":{"line":54,"column":56}}},"7":{"name":"signToken","line":88,"loc":{"start":{"line":66,"column":7},"end":{"line":66,"column":36}}},"8":{"name":"setTokenCookie","line":97,"loc":{"start":{"line":75,"column":7},"end":{"line":75,"column":41}}}},"statementMap":{"1":{"start":{"line":0,"column":0},"end":{"line":0,"column":0},"skip":true},"2":{"start":{"line":0,"column":0},"end":{"line":0,"column":0},"skip":true},"3":{"start":{"line":0,"column":0},"end":{"line":0,"column":0},"skip":true},"4":{"start":{"line":0,"column":0},"end":{"line":0,"column":0},"skip":true},"5":{"start":{"line":0,"column":0},"end":{"line":0,"column":0},"skip":true},"6":{"start":{"line":1,"column":-15},"end":{"line":1,"column":-15}},"7":{"start":{"line":0,"column":0},"end":{"line":0,"column":0},"skip":true},"8":{"start":{"line":2,"column":0},"end":{"line":2,"column":0}},"9":{"start":{"line":0,"column":0},"end":{"line":0,"column":0},"skip":true},"10":{"start":{"line":3,"column":0},"end":{"line":3,"column":0}},"11":{"start":{"line":0,"column":0},"end":{"line":0,"column":0},"skip":true},"12":{"start":{"line":4,"column":0},"end":{"line":4,"column":0}},"13":{"start":{"line":0,"column":0},"end":{"line":0,"column":0},"skip":true},"14":{"start":{"line":5,"column":0},"end":{"line":5,"column":0}},"15":{"start":{"line":0,"column":0},"end":{"line":0,"column":0},"skip":true},"16":{"start":{"line":0,"column":0},"end":{"line":0,"column":0},"skip":true},"17":{"start":{"line":0,"column":0},"end":{"line":0,"column":0},"skip":true},"18":{"start":{"line":7,"column":0},"end":{"line":7,"column":0}},"19":{"start":{"line":15,"column":7},"end":{"line":42,"column":1}},"20":{"start":{"line":16,"column":4},"end":{"line":16,"column":4}},"21":{"start":{"line":20,"column":12},"end":{"line":22,"column":13}},"22":{"start":{"line":21,"column":16},"end":{"line":21,"column":16}},"23":{"start":{"line":24,"column":12},"end":{"line":26,"column":13}},"24":{"start":{"line":25,"column":16},"end":{"line":25,"column":16}},"25":{"start":{"line":27,"column":12},"end":{"line":27,"column":12}},"26":{"start":{"line":31,"column":12},"end":{"line":31,"column":12}},"27":{"start":{"line":33,"column":20},"end":{"line":35,"column":21}},"28":{"start":{"line":34,"column":24},"end":{"line":34,"column":24}},"29":{"start":{"line":36,"column":20},"end":{"line":36,"column":20}},"30":{"start":{"line":37,"column":20},"end":{"line":37,"column":20}},"31":{"start":{"line":38,"column":20},"end":{"line":38,"column":20}},"32":{"start":{"line":40,"column":30},"end":{"line":31,"column":12}},"33":{"start":{"line":47,"column":7},"end":{"line":61,"column":1}},"34":{"start":{"line":48,"column":4},"end":{"line":50,"column":5}},"35":{"start":{"line":49,"column":8},"end":{"line":49,"column":8}},"36":{"start":{"line":52,"column":4},"end":{"line":52,"column":4}},"37":{"start":{"line":55,"column":12},"end":{"line":59,"column":13}},"38":{"start":{"line":56,"column":16},"end":{"line":56,"column":16}},"39":{"start":{"line":58,"column":16},"end":{"line":58,"column":16}},"40":{"start":{"line":66,"column":7},"end":{"line":70,"column":1}},"41":{"start":{"line":67,"column":4},"end":{"line":67,"column":4}},"42":{"start":{"line":75,"column":7},"end":{"line":82,"column":1}},"43":{"start":{"line":76,"column":4},"end":{"line":78,"column":5}},"44":{"start":{"line":77,"column":8},"end":{"line":77,"column":8}},"45":{"start":{"line":79,"column":4},"end":{"line":79,"column":4}},"46":{"start":{"line":80,"column":4},"end":{"line":80,"column":4}},"47":{"start":{"line":81,"column":4},"end":{"line":81,"column":4}}},"branchMap":{"1":{"line":31,"type":"cond-expr","locations":[{"start":{"line":0,"column":0},"end":{"line":0,"column":0},"skip":true},{"start":{"line":0,"column":0},"end":{"line":0,"column":0},"skip":true}]},"2":{"line":31,"type":"binary-expr","locations":[{"start":{"line":0,"column":0},"end":{"line":0,"column":0},"skip":true},{"start":{"line":0,"column":0},"end":{"line":0,"column":0},"skip":true}]},"3":{"line":46,"type":"if","locations":[{"start":{"line":20,"column":12},"end":{"line":20,"column":12}},{"start":{"line":20,"column":12},"end":{"line":20,"column":12}}]},"4":{"line":46,"type":"binary-expr","locations":[{"start":{"line":20,"column":15},"end":{"line":20,"column":15}},{"start":{"line":20,"column":28},"end":{"line":20,"column":12}}]},"5":{"line":50,"type":"if","locations":[{"start":{"line":24,"column":12},"end":{"line":24,"column":12}},{"start":{"line":24,"column":12},"end":{"line":24,"column":12}}]},"6":{"line":50,"type":"binary-expr","locations":[{"start":{"line":24,"column":15},"end":{"line":24,"column":15}},{"start":{"line":24,"column":28},"end":{"line":24,"column":12}}]},"7":{"line":58,"type":"if","locations":[{"start":{"line":33,"column":20},"end":{"line":33,"column":20}},{"start":{"line":33,"column":20},"end":{"line":33,"column":20}}]},"8":{"line":72,"type":"if","locations":[{"start":{"line":48,"column":4},"end":{"line":48,"column":4}},{"start":{"line":48,"column":4},"end":{"line":48,"column":4}}]},"9":{"line":77,"type":"if","locations":[{"start":{"line":55,"column":12},"end":{"line":55,"column":12}},{"start":{"line":55,"column":12},"end":{"line":55,"column":12}}]},"10":{"line":98,"type":"if","locations":[{"start":{"line":76,"column":4},"end":{"line":76,"column":4}},{"start":{"line":76,"column":4},"end":{"line":76,"column":4}}]}},"l":{"0":1,"1":0,"2":0,"3":0,"4":0,"5":0,"7":0,"15":1,"16":0,"20":0,"21":0,"24":0,"25":0,"27":0,"31":0,"33":0,"34":0,"36":0,"37":0,"38":0,"40":0,"47":1,"48":0,"49":0,"52":0,"55":0,"56":0,"58":0,"66":1,"67":0,"75":1,"76":0,"77":0,"79":0,"80":0,"81":0}},
"/app/web2/server/auth/index.js":{"path":"/app/web2/server/auth/index.js","s":{"1":0,"2":0,"3":0,"4":0,"5":0,"6":0,"7":0,"8":1,"9":0,"10":0,"11":0,"12":0,"13":0,"14":0,"15":0,"16":0,"17":0,"18":0,"19":0},"b":{"1":[0,0],"2":[0,0]},"f":{"1":0},"fnMap":{"1":{"name":"_interopRequireDefault","line":19,"loc":{"start":{"line":0,"column":0},"end":{"line":0,"column":0},"skip":true},"skip":true}},"statementMap":{"1":{"start":{"line":0,"column":0},"end":{"line":0,"column":0},"skip":true},"2":{"start":{"line":1,"column":-15},"end":{"line":1,"column":-15}},"3":{"start":{"line":0,"column":0},"end":{"line":0,"column":0},"skip":true},"4":{"start":{"line":2,"column":0},"end":{"line":2,"column":0}},"5":{"start":{"line":0,"column":0},"end":{"line":0,"column":0},"skip":true},"6":{"start":{"line":3,"column":0},"end":{"line":3,"column":0}},"7":{"start":{"line":0,"column":0},"end":{"line":0,"column":0},"skip":true},"8":{"start":{"line":0,"column":0},"end":{"line":0,"column":0},"skip":true},"9":{"start":{"line":0,"column":0},"end":{"line":0,"column":0},"skip":true},"10":{"start":{"line":6,"column":0},"end":{"line":6,"column":0}},"11":{"start":{"line":7,"column":0},"end":{"line":7,"column":0}},"12":{"start":{"line":8,"column":0},"end":{"line":8,"column":0}},"13":{"start":{"line":9,"column":0},"end":{"line":9,"column":0}},"14":{"start":{"line":11,"column":0},"end":{"line":11,"column":0}},"15":{"start":{"line":13,"column":0},"end":{"line":13,"column":0}},"16":{"start":{"line":14,"column":0},"end":{"line":14,"column":0}},"17":{"start":{"line":15,"column":0},"end":{"line":15,"column":0}},"18":{"start":{"line":16,"column":0},"end":{"line":16,"column":0}},"19":{"start":{"line":0,"column":0},"end":{"line":0,"column":0},"skip":true}},"branchMap":{"1":{"line":19,"type":"cond-expr","locations":[{"start":{"line":0,"column":0},"end":{"line":0,"column":0},"skip":true},{"start":{"line":0,"column":0},"end":{"line":0,"column":0},"skip":true}]},"2":{"line":19,"type":"binary-expr","locations":[{"start":{"line":0,"column":0},"end":{"line":0,"column":0},"skip":true},{"start":{"line":0,"column":0},"end":{"line":0,"column":0},"skip":true}]}},"l":{"0":1,"1":0,"2":0,"3":0,"6":0,"7":0,"8":0,"9":0,"11":0,"13":0,"14":0,"15":0,"16":0}},
"/app/web2/server/config/express.js":{"path":"/app/web2/server/config/express.js","s":{"1":0,"2":0,"3":0,"4":0,"5":0,"6":0,"7":0,"8":0,"9":0,"10":0,"11":0,"12":0,"13":0,"14":0,"15":0,"16":0,"17":0,"18":0,"19":0,"20":0,"21":0,"22":0,"23":0,"24":0,"25":0,"26":0,"27":0,"28":0,"29":0,"30":0,"31":0,"32":0,"33":0,"34":0,"35":0,"36":0,"37":0,"38":0,"39":0,"40":0,"41":0,"42":0,"43":0,"44":0,"45":0,"46":0,"47":0,"48":0,"49":0,"50":0,"51":0,"52":0,"53":0,"54":0,"55":0,"56":1,"57":0},"b":{"1":[0,0],"2":[0,0],"3":[0,0],"4":[0,0],"5":[0,0],"6":[0,0],"7":[0,0],"8":[0,0],"9":[0,0],"10":[0,0]},"f":{"1":0,"2":0},"fnMap":{"1":{"name":"(anonymous_1)","line":7,"loc":{"start":{"line":20,"column":15},"end":{"line":20,"column":29}}},"2":{"name":"_interopRequireDefault","line":127,"loc":{"start":{"line":0,"column":0},"end":{"line":0,"column":0},"skip":true},"skip":true}},"statementMap":{"1":{"start":{"line":0,"column":0},"end":{"line":0,"column":0},"skip":true},"2":{"start":{"line":0,"column":0},"end":{"line":0,"column":0},"skip":true},"3":{"start":{"line":21,"column":4},"end":{"line":21,"column":4}},"4":{"start":{"line":23,"column":4},"end":{"line":26,"column":5}},"5":{"start":{"line":24,"column":8},"end":{"line":24,"column":8}},"6":{"start":{"line":25,"column":8},"end":{"line":25,"column":8}},"7":{"start":{"line":28,"column":4},"end":{"line":30,"column":5}},"8":{"start":{"line":29,"column":8},"end":{"line":29,"column":8}},"9":{"start":{"line":32,"column":4},"end":{"line":32,"column":4}},"10":{"start":{"line":33,"column":4},"end":{"line":33,"column":4}},"11":{"start":{"line":34,"column":4},"end":{"line":36,"column":5}},"12":{"start":{"line":35,"column":8},"end":{"line":35,"column":8}},"13":{"start":{"line":37,"column":4},"end":{"line":37,"column":4}},"14":{"start":{"line":39,"column":4},"end":{"line":39,"column":4}},"15":{"start":{"line":40,"column":4},"end":{"line":40,"column":4}},"16":{"start":{"line":41,"column":4},"end":{"line":41,"column":4}},"17":{"start":{"line":42,"column":4},"end":{"line":42,"column":4}},"18":{"start":{"line":43,"column":4},"end":{"line":43,"column":4}},"19":{"start":{"line":44,"column":4},"end":{"line":44,"column":4}},"20":{"start":{"line":45,"column":4},"end":{"line":45,"column":4}},"21":{"start":{"line":46,"column":4},"end":{"line":46,"column":4}},"22":{"start":{"line":47,"column":4},"end":{"line":47,"column":4}},"23":{"start":{"line":51,"column":2},"end":{"line":51,"column":2}},"24":{"start":{"line":61,"column":4},"end":{"line":77,"column":5}},"25":{"start":{"line":62,"column":8},"end":{"line":62,"column":8}},"26":{"start":{"line":79,"column":4},"end":{"line":81,"column":5}},"27":{"start":{"line":80,"column":8},"end":{"line":79,"column":48}},"28":{"start":{"line":5,"column":0},"end":{"line":5,"column":0}},"29":{"start":{"line":0,"column":0},"end":{"line":0,"column":0},"skip":true},"30":{"start":{"line":6,"column":0},"end":{"line":6,"column":0}},"31":{"start":{"line":0,"column":0},"end":{"line":0,"column":0},"skip":true},"32":{"start":{"line":7,"column":0},"end":{"line":7,"column":0}},"33":{"start":{"line":0,"column":0},"end":{"line":0,"column":0},"skip":true},"34":{"start":{"line":8,"column":0},"end":{"line":8,"column":0}},"35":{"start":{"line":0,"column":0},"end":{"line":0,"column":0},"skip":true},"36":{"start":{"line":9,"column":0},"end":{"line":9,"column":0}},"37":{"start":{"line":0,"column":0},"end":{"line":0,"column":0},"skip":true},"38":{"start":{"line":10,"column":0},"end":{"line":10,"column":0}},"39":{"start":{"line":0,"column":0},"end":{"line":0,"column":0},"skip":true},"40":{"start":{"line":11,"column":0},"end":{"line":11,"column":0}},"41":{"start":{"line":0,"column":0},"end":{"line":0,"column":0},"skip":true},"42":{"start":{"line":12,"column":0},"end":{"line":12,"column":0}},"43":{"start":{"line":0,"column":0},"end":{"line":0,"column":0},"skip":true},"44":{"start":{"line":13,"column":0},"end":{"line":13,"column":0}},"45":{"start":{"line":0,"column":0},"end":{"line":0,"column":0},"skip":true},"46":{"start":{"line":14,"column":0},"end":{"line":14,"column":0}},"47":{"start":{"line":0,"column":0},"end":{"line":0,"column":0},"skip":true},"48":{"start":{"line":15,"column":0},"end":{"line":15,"column":0}},"49":{"start":{"line":0,"column":0},"end":{"line":0,"column":0},"skip":true},"50":{"start":{"line":16,"column":0},"end":{"line":16,"column":0}},"51":{"start":{"line":0,"column":0},"end":{"line":0,"column":0},"skip":true},"52":{"start":{"line":17,"column":0},"end":{"line":17,"column":0}},"53":{"start":{"line":0,"column":0},"end":{"line":0,"column":0},"skip":true},"54":{"start":{"line":18,"column":0},"end":{"line":18,"column":0}},"55":{"start":{"line":0,"column":0},"end":{"line":0,"column":0},"skip":true},"56":{"start":{"line":0,"column":0},"end":{"line":0,"column":0},"skip":true},"57":{"start":{"line":0,"column":0},"end":{"line":0,"column":0},"skip":true}},"branchMap":{"1":{"line":10,"type":"if","locations":[{"start":{"line":23,"column":4},"end":{"line":23,"column":4}},{"start":{"line":23,"column":4},"end":{"line":23,"column":4}}]},"2":{"line":10,"type":"binary-expr","locations":[{"start":{"line":23,"column":7},"end":{"line":23,"column":7}},{"start":{"line":23,"column":32},"end":{"line":23,"column":4}}]},"3":{"line":15,"type":"if","locations":[{"start":{"line":28,"column":4},"end":{"line":28,"column":4}},{"start":{"line":28,"column":4},"end":{"line":28,"column":4}}]},"4":{"line":21,"type":"if","locations":[{"start":{"line":34,"column":4},"end":{"line":34,"column":4}},{"start":{"line":34,"column":4},"end":{"line":34,"column":4}}]},"5":{"line":48,"type":"if","locations":[{"start":{"line":61,"column":4},"end":{"line":61,"column":4}},{"start":{"line":61,"column":4},"end":{"line":61,"column":4}}]},"6":{"line":48,"type":"binary-expr","locations":[{"start":{"line":61,"column":7},"end":{"line":61,"column":7}},{"start":{"line":61,"column":25},"end":{"line":61,"column":4}}]},"7":{"line":66,"type":"if","locations":[{"start":{"line":79,"column":4},"end":{"line":79,"column":4}},{"start":{"line":79,"column":4},"end":{"line":79,"column":4}}]},"8":{"line":66,"type":"binary-expr","locations":[{"start":{"line":79,"column":7},"end":{"line":79,"column":7}},{"start":{"line":79,"column":32},"end":{"line":79,"column":4}}]},"9":{"line":127,"type":"cond-expr","locations":[{"start":{"line":0,"column":0},"end":{"line":0,"column":0},"skip":true},{"start":{"line":0,"column":0},"end":{"line":0,"column":0},"skip":true}]},"10":{"line":127,"type":"binary-expr","locations":[{"start":{"line":0,"column":0},"end":{"line":0,"column":0},"skip":true},{"start":{"line":0,"column":0},"end":{"line":0,"column":0},"skip":true}]}},"l":{"0":1,"5":0,"6":0,"7":0,"8":0,"9":0,"10":0,"11":0,"12":0,"13":0,"14":0,"15":0,"16":0,"17":0,"18":0,"21":0,"23":0,"24":0,"25":0,"28":0,"29":0,"32":0,"33":0,"34":0,"35":0,"37":0,"39":0,"40":0,"41":0,"42":0,"43":0,"44":0,"45":0,"46":0,"47":0,"51":0,"61":0,"62":0,"79":0,"80":0}},
"/app/web2/server/config/seed.js":{"path":"/app/web2/server/config/seed.js","s":{"1":0,"2":0,"3":0,"4":0,"5":0,"6":0,"7":0,"8":0,"9":1,"10":0,"11":1,"12":0,"13":0,"14":0,"15":0,"16":0,"17":0,"18":0,"19":0,"20":0},"b":{"1":[0,0],"2":[0,0],"3":[0,0]},"f":{"1":0,"2":0},"fnMap":{"1":{"name":"_interopRequireDefault","line":21,"loc":{"start":{"line":0,"column":0},"end":{"line":0,"column":0},"skip":true},"skip":true},"2":{"name":"seedDatabaseIfNeeded","line":28,"loc":{"start":{"line":9,"column":15},"end":{"line":9,"column":47}}}},"statementMap":{"1":{"start":{"line":0,"column":0},"end":{"line":0,"column":0},"skip":true},"2":{"start":{"line":0,"column":0},"end":{"line":0,"column":0},"skip":true},"3":{"start":{"line":0,"column":0},"end":{"line":0,"column":0},"skip":true},"4":{"start":{"line":0,"column":0},"end":{"line":0,"column":0},"skip":true},"5":{"start":{"line":6,"column":0},"end":{"line":6,"column":0}},"6":{"start":{"line":0,"column":0},"end":{"line":0,"column":0},"skip":true},"7":{"start":{"line":7,"column":0},"end":{"line":7,"column":0}},"8":{"start":{"line":0,"column":0},"end":{"line":0,"column":0},"skip":true},"9":{"start":{"line":0,"column":0},"end":{"line":0,"column":0},"skip":true},"10":{"start":{"line":0,"column":0},"end":{"line":0,"column":0},"skip":true},"11":{"start":{"line":9,"column":15},"end":{"line":34,"column":1}},"12":{"start":{"line":10,"column":4},"end":{"line":12,"column":5}},"13":{"start":{"line":11,"column":8},"end":{"line":11,"column":8}},"14":{"start":{"line":14,"column":4},"end":{"line":14,"column":4}},"15":{"start":{"line":16,"column":4},"end":{"line":16,"column":4}},"16":{"start":{"line":17,"column":20},"end":{"line":16,"column":22}},"17":{"start":{"line":29,"column":24},"end":{"line":17,"column":20}},"18":{"start":{"line":30,"column":26},"end":{"line":17,"column":20}},"19":{"start":{"line":31,"column":4},"end":{"line":31,"column":4}},"20":{"start":{"line":33,"column":4},"end":{"line":33,"column":4}}},"branchMap":{"1":{"line":21,"type":"cond-expr","locations":[{"start":{"line":0,"column":0},"end":{"line":0,"column":0},"skip":true},{"start":{"line":0,"column":0},"end":{"line":0,"column":0},"skip":true}]},"2":{"line":21,"type":"binary-expr","locations":[{"start":{"line":0,"column":0},"end":{"line":0,"column":0},"skip":true},{"start":{"line":0,"column":0},"end":{"line":0,"column":0},"skip":true}]},"3":{"line":29,"type":"if","locations":[{"start":{"line":10,"column":4},"end":{"line":10,"column":4}},{"start":{"line":10,"column":4},"end":{"line":10,"column":4}}]}},"l":{"0":1,"6":0,"7":0,"9":1,"10":0,"11":0,"14":0,"16":0,"17":0,"29":0,"30":0,"31":0,"33":0}},
"/app/web2/server/api/myUsers/index.js":{"path":"/app/web2/server/api/myUsers/index.js","s":{"1":0,"2":0,"3":0,"4":0,"5":0,"6":0,"7":1,"8":0,"9":0,"10":0,"11":0,"12":0,"13":0,"14":0,"15":0,"16":0,"17":1,"18":0,"19":0,"20":0,"21":0,"22":0,"23":0,"24":0,"25":0},"b":{"1":[0,0],"2":[0,0],"3":[0,0],"4":[0,0],"5":[0,0],"6":[0,0]},"f":{"1":0,"2":0},"fnMap":{"1":{"name":"_interopRequireWildcard","line":16,"loc":{"start":{"line":0,"column":0},"end":{"line":0,"column":0},"skip":true},"skip":true},"2":{"name":"_interopRequireDefault","line":18,"loc":{"start":{"line":0,"column":0},"end":{"line":0,"column":0},"skip":true},"skip":true}},"statementMap":{"1":{"start":{"line":0,"column":0},"end":{"line":0,"column":0},"skip":true},"2":{"start":{"line":0,"column":0},"end":{"line":0,"column":0},"skip":true},"3":{"start":{"line":3,"column":0},"end":{"line":3,"column":0}},"4":{"start":{"line":0,"column":0},"end":{"line":0,"column":0},"skip":true},"5":{"start":{"line":5,"column":0},"end":{"line":5,"column":0}},"6":{"start":{"line":0,"column":0},"end":{"line":0,"column":0},"skip":true},"7":{"start":{"line":0,"column":0},"end":{"line":0,"column":0},"skip":true},"8":{"start":{"line":0,"column":0},"end":{"line":0,"column":0},"skip":true},"9":{"start":{"line":0,"column":0},"end":{"line":0,"column":0},"skip":true},"10":{"start":{"line":0,"column":0},"end":{"line":0,"column":0},"skip":true},"11":{"start":{"line":0,"column":0},"end":{"line":0,"column":0},"skip":true},"12":{"start":{"line":0,"column":0},"end":{"line":0,"column":0},"skip":true},"13":{"start":{"line":0,"column":0},"end":{"line":0,"column":0},"skip":true},"14":{"start":{"line":0,"column":0},"end":{"line":0,"column":0},"skip":true},"15":{"start":{"line":0,"column":0},"end":{"line":0,"column":0},"skip":true},"16":{"start":{"line":0,"column":0},"end":{"line":0,"column":0},"skip":true},"17":{"start":{"line":0,"column":0},"end":{"line":0,"column":0},"skip":true},"18":{"start":{"line":0,"column":0},"end":{"line":0,"column":0},"skip":true},"19":{"start":{"line":9,"column":0},"end":{"line":9,"column":0}},"20":{"start":{"line":11,"column":0},"end":{"line":11,"column":0}},"21":{"start":{"line":12,"column":0},"end":{"line":12,"column":0}},"22":{"start":{"line":14,"column":0},"end":{"line":14,"column":0}},"23":{"start":{"line":17,"column":0},"end":{"line":17,"column":0}},"24":{"start":{"line":20,"column":0},"end":{"line":20,"column":0}},"25":{"start":{"line":0,"column":0},"end":{"line":0,"column":0},"skip":true}},"branchMap":{"1":{"line":16,"type":"if","locations":[{"start":{"line":0,"column":0},"end":{"line":0,"column":0},"skip":true},{"start":{"line":0,"column":0},"end":{"line":0,"column":0},"skip":true}]},"2":{"line":16,"type":"binary-expr","locations":[{"start":{"line":0,"column":0},"end":{"line":0,"column":0},"skip":true},{"start":{"line":0,"column":0},"end":{"line":0,"column":0},"skip":true}]},"3":{"line":16,"type":"if","locations":[{"start":{"line":0,"column":0},"end":{"line":0,"column":0},"skip":true},{"start":{"line":0,"column":0},"end":{"line":0,"column":0},"skip":true}]},"4":{"line":16,"type":"if","locations":[{"start":{"line":0,"column":0},"end":{"line":0,"column":0},"skip":true},{"start":{"line":0,"column":0},"end":{"line":0,"column":0},"skip":true}]},"5":{"line":18,"type":"cond-expr","locations":[{"start":{"line":0,"column":0},"end":{"line":0,"column":0},"skip":true},{"start":{"line":0,"column":0},"end":{"line":0,"column":0},"skip":true}]},"6":{"line":18,"type":"binary-expr","locations":[{"start":{"line":0,"column":0},"end":{"line":0,"column":0},"skip":true},{"start":{"line":0,"column":0},"end":{"line":0,"column":0},"skip":true}]}},"l":{"0":1,"3":0,"5":0,"9":0,"11":0,"12":0,"14":0,"17":0,"20":0}},
"/app/web2/server/api/myUsers/users.controller.js":{"path":"/app/web2/server/api/myUsers/users.controller.js","s":{"1":0,"2":0,"3":0,"4":0,"5":0,"6":0,"7":0,"8":0,"9":0,"10":0,"11":1,"12":0,"13":1,"14":0,"15":0,"16":1,"17":0,"18":0,"19":0,"20":0,"21":0,"22":0,"23":0,"24":1,"25":0,"26":0,"27":0,"28":0,"29":0,"30":0,"31":0,"32":0,"33":0,"34":1,"35":0,"36":0,"37":0,"38":0,"39":0,"40":0,"41":0,"42":0,"43":0,"44":0,"45":0,"46":1,"47":0,"48":0,"49":0,"50":0,"51":0,"52":0,"53":0,"54":0},"b":{"1":[0,0],"2":[0,0],"3":[0,0],"4":[0,0],"5":[0,0,0,0],"6":[0,0],"7":[0,0]},"f":{"1":0,"2":0,"3":0,"4":0,"5":0,"6":0},"fnMap":{"1":{"name":"_interopRequireDefault","line":20,"loc":{"start":{"line":0,"column":0},"end":{"line":0,"column":0},"skip":true},"skip":true},"2":{"name":"index","line":34,"loc":{"start":{"line":17,"column":7},"end":{"line":17,"column":32}}},"3":{"name":"show","line":44,"loc":{"start":{"line":27,"column":7},"end":{"line":27,"column":31}}},"4":{"name":"create","line":68,"loc":{"start":{"line":51,"column":7},"end":{"line":51,"column":33}}},"5":{"name":"upsert","line":89,"loc":{"start":{"line":72,"column":7},"end":{"line":72,"column":33}}},"6":{"name":"destroy","line":139,"loc":{"start":{"line":123,"column":7},"end":{"line":123,"column":33}}}},"statementMap":{"1":{"start":{"line":0,"column":0},"end":{"line":0,"column":0},"skip":true},"2":{"start":{"line":0,"column":0},"end":{"line":0,"column":0},"skip":true},"3":{"start":{"line":0,"column":0},"end":{"line":0,"column":0},"skip":true},"4":{"start":{"line":0,"column":0},"end":{"line":0,"column":0},"skip":true},"5":{"start":{"line":0,"column":0},"end":{"line":0,"column":0},"skip":true},"6":{"start":{"line":0,"column":0},"end":{"line":0,"column":0},"skip":true},"7":{"start":{"line":1,"column":-15},"end":{"line":1,"column":-15}},"8":{"start":{"line":0,"column":0},"end":{"line":0,"column":0},"skip":true},"9":{"start":{"line":3,"column":0},"end":{"line":3,"column":0}},"10":{"start":{"line":0,"column":0},"end":{"line":0,"column":0},"skip":true},"11":{"start":{"line":0,"column":0},"end":{"line":0,"column":0},"skip":true},"12":{"start":{"line":0,"column":0},"end":{"line":0,"column":0},"skip":true},"13":{"start":{"line":17,"column":7},"end":{"line":21,"column":1}},"14":{"start":{"line":19,"column":3},"end":{"line":19,"column":3}},"15":{"start":{"line":20,"column":3},"end":{"line":20,"column":3}},"16":{"start":{"line":27,"column":7},"end":{"line":45,"column":1}},"17":{"start":{"line":29,"column":3},"end":{"line":29,"column":3}},"18":{"start":{"line":30,"column":3},"end":{"line":30,"column":3}},"19":{"start":{"line":38,"column":2},"end":{"line":44,"column":3}},"20":{"start":{"line":39,"column":4},"end":{"line":39,"column":4}},"21":{"start":{"line":40,"column":4},"end":{"line":40,"column":4}},"22":{"start":{"line":42,"column":4},"end":{"line":42,"column":4}},"23":{"start":{"line":43,"column":4},"end":{"line":43,"column":4}},"24":{"start":{"line":51,"column":7},"end":{"line":65,"column":1}},"25":{"start":{"line":54,"column":3},"end":{"line":54,"column":3}},"26":{"start":{"line":55,"column":3},"end":{"line":55,"column":3}},"27":{"start":{"line":56,"column":3},"end":{"line":56,"column":3}},"28":{"start":{"line":57,"column":3},"end":{"line":64,"column":4}},"29":{"start":{"line":58,"column":5},"end":{"line":58,"column":5}},"30":{"start":{"line":59,"column":5},"end":{"line":59,"column":5}},"31":{"start":{"line":60,"column":5},"end":{"line":60,"column":5}},"32":{"start":{"line":62,"column":5},"end":{"line":62,"column":5}},"33":{"start":{"line":63,"column":5},"end":{"line":63,"column":5}},"34":{"start":{"line":72,"column":7},"end":{"line":118,"column":1}},"35":{"start":{"line":73,"column":2},"end":{"line":73,"column":2}},"36":{"start":{"line":74,"column":2},"end":{"line":74,"column":2}},"37":{"start":{"line":75,"column":2},"end":{"line":75,"column":2}},"38":{"start":{"line":76,"column":2},"end":{"line":76,"column":2}},"39":{"start":{"line":101,"column":2},"end":{"line":101,"column":2}},"40":{"start":{"line":108,"column":2},"end":{"line":108,"column":2}},"41":{"start":{"line":109,"column":2},"end":{"line":117,"column":3}},"42":{"start":{"line":110,"column":4},"end":{"line":110,"column":4}},"43":{"start":{"line":111,"column":4},"end":{"line":111,"column":4}},"44":{"start":{"line":114,"column":6},"end":{"line":114,"column":6}},"45":{"start":{"line":115,"column":6},"end":{"line":115,"column":6}},"46":{"start":{"line":123,"column":7},"end":{"line":162,"column":1}},"47":{"start":{"line":124,"column":2},"end":{"line":124,"column":2}},"48":{"start":{"line":125,"column":2},"end":{"line":125,"column":2}},"49":{"start":{"line":151,"column":2},"end":{"line":151,"column":2}},"50":{"start":{"line":154,"column":2},"end":{"line":154,"column":2}},"51":{"start":{"line":155,"column":2},"end":{"line":161,"column":3}},"52":{"start":{"line":156,"column":4},"end":{"line":156,"column":4}},"53":{"start":{"line":157,"column":4},"end":{"line":157,"column":4}},"54":{"start":{"line":159,"column":4},"end":{"line":159,"column":4}}},"branchMap":{"1":{"line":20,"type":"cond-expr","locations":[{"start":{"line":0,"column":0},"end":{"line":0,"column":0},"skip":true},{"start":{"line":0,"column":0},"end":{"line":0,"column":0},"skip":true}]},"2":{"line":20,"type":"binary-expr","locations":[{"start":{"line":0,"column":0},"end":{"line":0,"column":0},"skip":true},{"start":{"line":0,"column":0},"end":{"line":0,"column":0},"skip":true}]},"3":{"line":55,"type":"if","locations":[{"start":{"line":38,"column":2},"end":{"line":38,"column":2}},{"start":{"line":38,"column":2},"end":{"line":38,"column":2}}]},"4":{"line":74,"type":"if","locations":[{"start":{"line":57,"column":3},"end":{"line":57,"column":3}},{"start":{"line":57,"column":3},"end":{"line":57,"column":3}}]},"5":{"line":74,"type":"binary-expr","locations":[{"start":{"line":57,"column":6},"end":{"line":57,"column":6}},{"start":{"line":57,"column":35},"end":{"line":57,"column":6}},{"start":{"line":57,"column":66},"end":{"line":57,"column":6}},{"start":{"line":57,"column":93},"end":{"line":57,"column":3}}]},"6":{"line":126,"type":"if","locations":[{"start":{"line":109,"column":2},"end":{"line":109,"column":2}},{"start":{"line":109,"column":2},"end":{"line":109,"column":2}}]},"7":{"line":170,"type":"if","locations":[{"start":{"line":155,"column":2},"end":{"line":155,"column":2}},{"start":{"line":155,"column":2},"end":{"line":155,"column":2}}]}},"l":{"0":1,"1":0,"3":0,"17":1,"19":0,"20":0,"27":1,"29":0,"30":0,"38":0,"39":0,"40":0,"42":0,"43":0,"51":1,"54":0,"55":0,"56":0,"57":0,"58":0,"59":0,"60":0,"62":0,"63":0,"72":1,"73":0,"74":0,"75":0,"76":0,"101":0,"108":0,"109":0,"110":0,"111":0,"114":0,"115":0,"123":1,"124":0,"125":0,"151":0,"154":0,"155":0,"156":0,"157":0,"159":0}},
"/app/web2/server/api/myUsers/users.model.js":{"path":"/app/web2/server/api/myUsers/users.model.js","s":{"1":0,"2":0,"3":0,"4":1,"5":0,"6":0,"7":0,"8":0,"9":0,"10":0,"11":0,"12":0,"13":0,"14":0,"15":0,"16":0,"17":0,"18":0,"19":0,"20":0,"21":0,"22":0,"23":0,"24":0,"25":0,"26":0,"27":0,"28":0,"29":0,"30":0,"31":0,"32":0,"33":0,"34":0,"35":0,"36":0,"37":0,"38":0,"39":0,"40":0,"41":0,"42":0,"43":0,"44":0,"45":0,"46":0,"47":0,"48":0,"49":0,"50":0},"b":{"1":[0,0],"2":[0,0],"3":[0,0],"4":[0,0],"5":[0,0],"6":[0,0],"7":[0,0],"8":[0,0]},"f":{"1":0,"2":0,"3":0,"4":0,"5":0,"6":0,"7":0},"fnMap":{"1":{"name":"_interopRequireDefault","line":11,"loc":{"start":{"line":0,"column":0},"end":{"line":0,"column":0},"skip":true},"skip":true},"2":{"name":"(anonymous_2)","line":14,"loc":{"start":{"line":5,"column":2},"end":{"line":5,"column":15}}},"3":{"name":"(anonymous_3)","line":18,"loc":{"start":{"line":9,"column":2},"end":{"line":9,"column":9}}},"4":{"name":"(anonymous_4)","line":23,"loc":{"start":{"line":14,"column":2},"end":{"line":14,"column":19}}},"5":{"name":"(anonymous_5)","line":38,"loc":{"start":{"line":29,"column":2},"end":{"line":29,"column":15}}},"6":{"name":"(anonymous_6)","line":53,"loc":{"start":{"line":44,"column":2},"end":{"line":44,"column":25}}},"7":{"name":"(anonymous_7)","line":82,"loc":{"start":{"line":73,"column":2},"end":{"line":73,"column":15}}}},"statementMap":{"1":{"start":{"line":0,"column":0},"end":{"line":0,"column":0},"skip":true},"2":{"start":{"line":1,"column":-15},"end":{"line":1,"column":-15}},"3":{"start":{"line":0,"column":0},"end":{"line":0,"column":0},"skip":true},"4":{"start":{"line":0,"column":0},"end":{"line":0,"column":0},"skip":true},"5":{"start":{"line":0,"column":0},"end":{"line":0,"column":0},"skip":true},"6":{"start":{"line":0,"column":0},"end":{"line":0,"column":0},"skip":true},"7":{"start":{"line":6,"column":4},"end":{"line":6,"column":4}},"8":{"start":{"line":11,"column":4},"end":{"line":11,"column":4}},"9":{"start":{"line":17,"column":4},"end":{"line":17,"column":4}},"10":{"start":{"line":18,"column":4},"end":{"line":24,"column":5}},"11":{"start":{"line":19,"column":6},"end":{"line":19,"column":6}},"12":{"start":{"line":20,"column":6},"end":{"line":23,"column":7}},"13":{"start":{"line":21,"column":8},"end":{"line":21,"column":8}},"14":{"start":{"line":22,"column":8},"end":{"line":22,"column":8}},"15":{"start":{"line":26,"column":4},"end":{"line":26,"column":4}},"16":{"start":{"line":33,"column":4},"end":{"line":33,"column":4}},"17":{"start":{"line":34,"column":4},"end":{"line":34,"column":4}},"18":{"start":{"line":40,"column":4},"end":{"line":40,"column":4}},"19":{"start":{"line":41,"column":4},"end":{"line":41,"column":4}},"20":{"start":{"line":48,"column":4},"end":{"line":48,"column":4}},"21":{"start":{"line":49,"column":4},"end":{"line":55,"column":5}},"22":{"start":{"line":50,"column":6},"end":{"line":50,"column":6}},"23":{"start":{"line":51,"column":6},"end":{"line":54,"column":7}},"24":{"start":{"line":52,"column":8},"end":{"line":52,"column":8}},"25":{"start":{"line":53,"column":8},"end":{"line":53,"column":8}},"26":{"start":{"line":56,"column":4},"end":{"line":70,"column":5}},"27":{"start":{"line":57,"column":6},"end":{"line":57,"column":6}},"28":{"start":{"line":58,"column":6},"end":{"line":58,"column":6}},"29":{"start":{"line":59,"column":6},"end":{"line":59,"column":6}},"30":{"start":{"line":60,"column":6},"end":{"line":60,"column":6}},"31":{"start":{"line":62,"column":6},"end":{"line":62,"column":6}},"32":{"start":{"line":68,"column":6},"end":{"line":68,"column":6}},"33":{"start":{"line":69,"column":6},"end":{"line":69,"column":6}},"34":{"start":{"line":74,"column":4},"end":{"line":74,"column":4}},"35":{"start":{"line":78,"column":4},"end":{"line":78,"column":4}},"36":{"start":{"line":79,"column":4},"end":{"line":85,"column":5}},"37":{"start":{"line":80,"column":6},"end":{"line":80,"column":6}},"38":{"start":{"line":81,"column":6},"end":{"line":84,"column":7}},"39":{"start":{"line":82,"column":8},"end":{"line":82,"column":8}},"40":{"start":{"line":83,"column":8},"end":{"line":83,"column":8}},"41":{"start":{"line":87,"column":4},"end":{"line":100,"column":5}},"42":{"start":{"line":88,"column":6},"end":{"line":88,"column":6}},"43":{"start":{"line":90,"column":6},"end":{"line":90,"column":6}},"44":{"start":{"line":91,"column":6},"end":{"line":96,"column":7}},"45":{"start":{"line":92,"column":8},"end":{"line":92,"column":8}},"46":{"start":{"line":93,"column":8},"end":{"line":95,"column":9}},"47":{"start":{"line":94,"column":10},"end":{"line":94,"column":10}},"48":{"start":{"line":98,"column":6},"end":{"line":98,"column":6}},"49":{"start":{"line":99,"column":6},"end":{"line":99,"column":6}},"50":{"start":{"line":0,"column":0},"end":{"line":0,"column":0},"skip":true}},"branchMap":{"1":{"line":11,"type":"cond-expr","locations":[{"start":{"line":0,"column":0},"end":{"line":0,"column":0},"skip":true},{"start":{"line":0,"column":0},"end":{"line":0,"column":0},"skip":true}]},"2":{"line":11,"type":"binary-expr","locations":[{"start":{"line":0,"column":0},"end":{"line":0,"column":0},"skip":true},{"start":{"line":0,"column":0},"end":{"line":0,"column":0},"skip":true}]},"3":{"line":29,"type":"if","locations":[{"start":{"line":20,"column":6},"end":{"line":20,"column":6}},{"start":{"line":20,"column":6},"end":{"line":20,"column":6}}]},"4":{"line":60,"type":"if","locations":[{"start":{"line":51,"column":6},"end":{"line":51,"column":6}},{"start":{"line":51,"column":6},"end":{"line":51,"column":6}}]},"5":{"line":65,"type":"if","locations":[{"start":{"line":56,"column":4},"end":{"line":56,"column":4}},{"start":{"line":56,"column":4},"end":{"line":56,"column":4}}]},"6":{"line":90,"type":"if","locations":[{"start":{"line":81,"column":6},"end":{"line":81,"column":6}},{"start":{"line":81,"column":6},"end":{"line":81,"column":6}}]},"7":{"line":96,"type":"if","locations":[{"start":{"line":87,"column":4},"end":{"line":87,"column":4}},{"start":{"line":87,"column":4},"end":{"line":87,"column":4}}]},"8":{"line":102,"type":"if","locations":[{"start":{"line":93,"column":8},"end":{"line":93,"column":8}},{"start":{"line":93,"column":8},"end":{"line":93,"column":8}}]}},"l":{"0":1,"1":0,"6":0,"11":0,"17":0,"18":0,"19":0,"20":0,"21":0,"22":0,"26":0,"33":0,"34":0,"40":0,"41":0,"48":0,"49":0,"50":0,"51":0,"52":0,"53":0,"56":0,"57":0,"58":0,"59":0,"60":0,"62":0,"68":0,"69":0,"74":0,"78":0,"79":0,"80":0,"81":0,"82":0,"83":0,"87":0,"88":0,"90":0,"91":0,"92":0,"93":0,"94":0,"98":0,"99":0}},
"/app/web2/server/api/users/index.js":{"path":"/app/web2/server/api/users/index.js","s":{"1":0,"2":0,"3":0,"4":0,"5":0,"6":1,"7":0,"8":0,"9":0,"10":0,"11":0,"12":0,"13":0,"14":0,"15":0,"16":0,"17":0,"18":0,"19":0,"20":0,"21":0,"22":0,"23":0},"b":{"1":[0,0],"2":[0,0],"3":[0,0],"4":[0,0]},"f":{"1":0},"fnMap":{"1":{"name":"_interopRequireWildcard","line":13,"loc":{"start":{"line":0,"column":0},"end":{"line":0,"column":0},"skip":true},"skip":true}},"statementMap":{"1":{"start":{"line":1,"column":-15},"end":{"line":1,"column":-15}},"2":{"start":{"line":2,"column":0},"end":{"line":2,"column":0}},"3":{"start":{"line":0,"column":0},"end":{"line":0,"column":0},"skip":true},"4":{"start":{"line":3,"column":0},"end":{"line":3,"column":0}},"5":{"start":{"line":0,"column":0},"end":{"line":0,"column":0},"skip":true},"6":{"start":{"line":0,"column":0},"end":{"line":0,"column":0},"skip":true},"7":{"start":{"line":0,"column":0},"end":{"line":0,"column":0},"skip":true},"8":{"start":{"line":0,"column":0},"end":{"line":0,"column":0},"skip":true},"9":{"start":{"line":0,"column":0},"end":{"line":0,"column":0},"skip":true},"10":{"start":{"line":0,"column":0},"end":{"line":0,"column":0},"skip":true},"11":{"start":{"line":0,"column":0},"end":{"line":0,"column":0},"skip":true},"12":{"start":{"line":0,"column":0},"end":{"line":0,"column":0},"skip":true},"13":{"start":{"line":0,"column":0},"end":{"line":0,"column":0},"skip":true},"14":{"start":{"line":0,"column":0},"end":{"line":0,"column":0},"skip":true},"15":{"start":{"line":0,"column":0},"end":{"line":0,"column":0},"skip":true},"16":{"start":{"line":5,"column":0},"end":{"line":5,"column":0}},"17":{"start":{"line":7,"column":0},"end":{"line":7,"column":0}},"18":{"start":{"line":8,"column":0},"end":{"line":8,"column":0}},"19":{"start":{"line":9,"column":0},"end":{"line":9,"column":0}},"20":{"start":{"line":10,"column":0},"end":{"line":10,"column":0}},"21":{"start":{"line":11,"column":0},"end":{"line":11,"column":0}},"22":{"start":{"line":12,"column":0},"end":{"line":12,"column":0}},"23":{"start":{"line":14,"column":0},"end":{"line":14,"column":0}}},"branchMap":{"1":{"line":13,"type":"if","locations":[{"start":{"line":0,"column":0},"end":{"line":0,"column":0},"skip":true},{"start":{"line":0,"column":0},"end":{"line":0,"column":0},"skip":true}]},"2":{"line":13,"type":"binary-expr","locations":[{"start":{"line":0,"column":0},"end":{"line":0,"column":0},"skip":true},{"start":{"line":0,"column":0},"end":{"line":0,"column":0},"skip":true}]},"3":{"line":13,"type":"if","locations":[{"start":{"line":0,"column":0},"end":{"line":0,"column":0},"skip":true},{"start":{"line":0,"column":0},"end":{"line":0,"column":0},"skip":true}]},"4":{"line":13,"type":"if","locations":[{"start":{"line":0,"column":0},"end":{"line":0,"column":0},"skip":true},{"start":{"line":0,"column":0},"end":{"line":0,"column":0},"skip":true}]}},"l":{"0":1,"1":0,"2":0,"3":0,"5":0,"7":0,"8":0,"9":0,"10":0,"11":0,"12":0,"14":0}},
"/app/web2/server/api/users/users.controller.js":{"path":"/app/web2/server/api/users/users.controller.js","s":{"1":0,"2":0,"3":0,"4":0,"5":0,"6":0,"7":0,"8":0,"9":0,"10":0,"11":0,"12":0,"13":0,"14":0,"15":1,"16":0,"17":1,"18":0,"19":0,"20":0,"21":1,"22":0,"23":0,"24":0,"25":1,"26":0,"27":0,"28":1,"29":0,"30":0,"31":0,"32":0,"33":0,"34":0,"35":1,"36":0,"37":0,"38":0,"39":0,"40":0,"41":0,"42":1,"43":0,"44":0,"45":1,"46":0,"47":0,"48":0,"49":0,"50":0,"51":0,"52":0,"53":0,"54":0,"55":1,"56":0,"57":0,"58":0,"59":0,"60":0,"61":0,"62":1,"63":0},"b":{"1":[0,0],"2":[0,0],"3":[0,0],"4":[0,0],"5":[0,0],"6":[0,0],"7":[0,0]},"f":{"1":0,"2":0,"3":0,"4":0,"5":0,"6":0,"7":0,"8":0,"9":0,"10":0,"11":0,"12":0,"13":0,"14":0},"fnMap":{"1":{"name":"_interopRequireDefault","line":26,"loc":{"start":{"line":0,"column":0},"end":{"line":0,"column":0},"skip":true},"skip":true},"2":{"name":"validationError","line":28,"loc":{"start":{"line":6,"column":0},"end":{"line":6,"column":42}}},"3":{"name":"(anonymous_3)","line":30,"loc":{"start":{"line":8,"column":11},"end":{"line":8,"column":25}}},"4":{"name":"handleError","line":35,"loc":{"start":{"line":13,"column":0},"end":{"line":13,"column":38}}},"5":{"name":"(anonymous_5)","line":37,"loc":{"start":{"line":15,"column":11},"end":{"line":15,"column":25}}},"6":{"name":"index","line":46,"loc":{"start":{"line":24,"column":7},"end":{"line":24,"column":32}}},"7":{"name":"create","line":55,"loc":{"start":{"line":35,"column":7},"end":{"line":35,"column":33}}},"8":{"name":"(anonymous_8)","line":59,"loc":{"start":{"line":40,"column":14},"end":{"line":40,"column":29}}},"9":{"name":"show","line":70,"loc":{"start":{"line":52,"column":7},"end":{"line":52,"column":37}}},"10":{"name":"destroy","line":85,"loc":{"start":{"line":69,"column":7},"end":{"line":69,"column":34}}},"11":{"name":"(anonymous_11)","line":86,"loc":{"start":{"line":71,"column":14},"end":{"line":71,"column":25}}},"12":{"name":"changePassword","line":94,"loc":{"start":{"line":80,"column":7},"end":{"line":80,"column":41}}},"13":{"name":"me","line":114,"loc":{"start":{"line":103,"column":7},"end":{"line":103,"column":35}}},"14":{"name":"authCallback","line":129,"loc":{"start":{"line":119,"column":7},"end":{"line":119,"column":39}}}},"statementMap":{"1":{"start":{"line":0,"column":0},"end":{"line":0,"column":0},"skip":true},"2":{"start":{"line":0,"column":0},"end":{"line":0,"column":0},"skip":true},"3":{"start":{"line":0,"column":0},"end":{"line":0,"column":0},"skip":true},"4":{"start":{"line":0,"column":0},"end":{"line":0,"column":0},"skip":true},"5":{"start":{"line":0,"column":0},"end":{"line":0,"column":0},"skip":true},"6":{"start":{"line":0,"column":0},"end":{"line":0,"column":0},"skip":true},"7":{"start":{"line":0,"column":0},"end":{"line":0,"column":0},"skip":true},"8":{"start":{"line":0,"column":0},"end":{"line":0,"column":0},"skip":true},"9":{"start":{"line":2,"column":0},"end":{"line":2,"column":0}},"10":{"start":{"line":0,"column":0},"end":{"line":0,"column":0},"skip":true},"11":{"start":{"line":3,"column":0},"end":{"line":3,"column":0}},"12":{"start":{"line":0,"column":0},"end":{"line":0,"column":0},"skip":true},"13":{"start":{"line":4,"column":0},"end":{"line":4,"column":0}},"14":{"start":{"line":0,"column":0},"end":{"line":0,"column":0},"skip":true},"15":{"start":{"line":0,"column":0},"end":{"line":0,"column":0},"skip":true},"16":{"start":{"line":0,"column":0},"end":{"line":0,"column":0},"skip":true},"17":{"start":{"line":6,"column":0},"end":{"line":11,"column":1}},"18":{"start":{"line":7,"column":4},"end":{"line":7,"column":4}},"19":{"start":{"line":8,"column":4},"end":{"line":8,"column":4}},"20":{"start":{"line":9,"column":8},"end":{"line":9,"column":8}},"21":{"start":{"line":13,"column":0},"end":{"line":18,"column":1}},"22":{"start":{"line":14,"column":4},"end":{"line":14,"column":4}},"23":{"start":{"line":15,"column":4},"end":{"line":15,"column":4}},"24":{"start":{"line":16,"column":8},"end":{"line":16,"column":8}},"25":{"start":{"line":24,"column":7},"end":{"line":30,"column":1}},"26":{"start":{"line":25,"column":4},"end":{"line":25,"column":4}},"27":{"start":{"line":27,"column":12},"end":{"line":27,"column":12}},"28":{"start":{"line":35,"column":7},"end":{"line":47,"column":1}},"29":{"start":{"line":36,"column":4},"end":{"line":36,"column":4}},"30":{"start":{"line":37,"column":4},"end":{"line":37,"column":4}},"31":{"start":{"line":38,"column":4},"end":{"line":38,"column":4}},"32":{"start":{"line":39,"column":4},"end":{"line":39,"column":4}},"33":{"start":{"line":41,"column":12},"end":{"line":41,"column":12}},"34":{"start":{"line":44,"column":12},"end":{"line":44,"column":12}},"35":{"start":{"line":52,"column":7},"end":{"line":63,"column":1}},"36":{"start":{"line":53,"column":4},"end":{"line":53,"column":4}},"37":{"start":{"line":55,"column":4},"end":{"line":55,"column":4}},"38":{"start":{"line":57,"column":12},"end":{"line":59,"column":13}},"39":{"start":{"line":58,"column":16},"end":{"line":58,"column":16}},"40":{"start":{"line":60,"column":12},"end":{"line":60,"column":12}},"41":{"start":{"line":62,"column":22},"end":{"line":55,"column":11}},"42":{"start":{"line":69,"column":7},"end":{"line":75,"column":1}},"43":{"start":{"line":70,"column":4},"end":{"line":70,"column":4}},"44":{"start":{"line":72,"column":12},"end":{"line":72,"column":12}},"45":{"start":{"line":80,"column":7},"end":{"line":98,"column":1}},"46":{"start":{"line":81,"column":4},"end":{"line":81,"column":4}},"47":{"start":{"line":82,"column":4},"end":{"line":82,"column":4}},"48":{"start":{"line":83,"column":4},"end":{"line":83,"column":4}},"49":{"start":{"line":85,"column":4},"end":{"line":85,"column":4}},"50":{"start":{"line":87,"column":12},"end":{"line":96,"column":13}},"51":{"start":{"line":88,"column":16},"end":{"line":88,"column":16}},"52":{"start":{"line":89,"column":16},"end":{"line":89,"column":16}},"53":{"start":{"line":91,"column":24},"end":{"line":91,"column":24}},"54":{"start":{"line":95,"column":16},"end":{"line":95,"column":16}},"55":{"start":{"line":103,"column":7},"end":{"line":114,"column":1}},"56":{"start":{"line":104,"column":4},"end":{"line":104,"column":4}},"57":{"start":{"line":106,"column":4},"end":{"line":106,"column":4}},"58":{"start":{"line":108,"column":12},"end":{"line":110,"column":13}},"59":{"start":{"line":109,"column":16},"end":{"line":109,"column":16}},"60":{"start":{"line":111,"column":12},"end":{"line":111,"column":12}},"61":{"start":{"line":113,"column":22},"end":{"line":106,"column":11}},"62":{"start":{"line":119,"column":7},"end":{"line":121,"column":1}},"63":{"start":{"line":120,"column":4},"end":{"line":120,"column":4}}},"branchMap":{"1":{"line":26,"type":"cond-expr","locations":[{"start":{"line":0,"column":0},"end":{"line":0,"column":0},"skip":true},{"start":{"line":0,"column":0},"end":{"line":0,"column":0},"skip":true}]},"2":{"line":26,"type":"binary-expr","locations":[{"start":{"line":0,"column":0},"end":{"line":0,"column":0},"skip":true},{"start":{"line":0,"column":0},"end":{"line":0,"column":0},"skip":true}]},"3":{"line":29,"type":"binary-expr","locations":[{"start":{"line":7,"column":17},"end":{"line":7,"column":17}},{"start":{"line":7,"column":31},"end":{"line":7,"column":4}}]},"4":{"line":36,"type":"binary-expr","locations":[{"start":{"line":14,"column":17},"end":{"line":14,"column":17}},{"start":{"line":14,"column":31},"end":{"line":14,"column":4}}]},"5":{"line":74,"type":"if","locations":[{"start":{"line":57,"column":12},"end":{"line":57,"column":12}},{"start":{"line":57,"column":12},"end":{"line":57,"column":12}}]},"6":{"line":100,"type":"if","locations":[{"start":{"line":87,"column":12},"end":{"line":87,"column":12}},{"start":{"line":87,"column":12},"end":{"line":87,"column":12}}]},"7":{"line":119,"type":"if","locations":[{"start":{"line":108,"column":12},"end":{"line":108,"column":12}},{"start":{"line":108,"column":12},"end":{"line":108,"column":12}}]}},"l":{"0":1,"2":0,"3":0,"4":0,"6":1,"7":0,"8":0,"9":0,"13":1,"14":0,"15":0,"16":0,"24":1,"25":0,"27":0,"35":1,"36":0,"37":0,"38":0,"39":0,"41":0,"44":0,"52":1,"53":0,"55":0,"57":0,"58":0,"60":0,"62":0,"69":1,"70":0,"72":0,"80":1,"81":0,"82":0,"83":0,"85":0,"87":0,"88":0,"89":0,"91":0,"95":0,"103":1,"104":0,"106":0,"108":0,"109":0,"111":0,"113":0,"119":1,"120":0}},
"/app/web2/server/api/users/users.events.js":{"path":"/app/web2/server/api/users/users.events.js","s":{"1":0,"2":0,"3":0,"4":0,"5":0,"6":0,"7":1,"8":0,"9":0,"10":0,"11":1,"12":0,"13":0,"14":0,"15":0,"16":0},"b":{},"f":{"1":0,"2":0,"3":0},"fnMap":{"1":{"name":"registerEvents","line":26,"loc":{"start":{"line":18,"column":0},"end":{"line":18,"column":30}}},"2":{"name":"emitEvent","line":33,"loc":{"start":{"line":25,"column":0},"end":{"line":25,"column":26}}},"3":{"name":"(anonymous_3)","line":34,"loc":{"start":{"line":26,"column":11},"end":{"line":26,"column":25}}}},"statementMap":{"1":{"start":{"line":0,"column":0},"end":{"line":0,"column":0},"skip":true},"2":{"start":{"line":0,"column":0},"end":{"line":0,"column":0},"skip":true},"3":{"start":{"line":5,"column":0},"end":{"line":5,"column":0}},"4":{"start":{"line":6,"column":0},"end":{"line":6,"column":0}},"5":{"start":{"line":9,"column":0},"end":{"line":9,"column":0}},"6":{"start":{"line":12,"column":0},"end":{"line":12,"column":0}},"7":{"start":{"line":18,"column":0},"end":{"line":23,"column":1}},"8":{"start":{"line":19,"column":4},"end":{"line":22,"column":5}},"9":{"start":{"line":20,"column":8},"end":{"line":20,"column":8}},"10":{"start":{"line":21,"column":8},"end":{"line":21,"column":8}},"11":{"start":{"line":25,"column":0},"end":{"line":30,"column":1}},"12":{"start":{"line":26,"column":4},"end":{"line":26,"column":4}},"13":{"start":{"line":27,"column":8},"end":{"line":27,"column":8}},"14":{"start":{"line":28,"column":8},"end":{"line":28,"column":8}},"15":{"start":{"line":0,"column":0},"end":{"line":0,"column":0},"skip":true},"16":{"start":{"line":0,"column":0},"end":{"line":0,"column":0},"skip":true}},"branchMap":{},"l":{"0":1,"5":0,"6":0,"9":0,"12":0,"18":1,"19":0,"20":0,"21":0,"25":1,"26":0,"27":0,"28":0}},
"/app/web2/server/api/users/users.model.js":{"path":"/app/web2/server/api/users/users.model.js","s":{"1":0,"2":0,"3":0,"4":0,"5":0,"6":0,"7":1,"8":0,"9":0,"10":0,"11":0,"12":0,"13":0,"14":0,"15":0,"16":0,"17":0,"18":0,"19":0,"20":0,"21":0,"22":0,"23":0,"24":0,"25":0,"26":0,"27":0,"28":0,"29":0,"30":0,"31":0,"32":0,"33":0,"34":0,"35":0,"36":0,"37":0,"38":0,"39":0,"40":0,"41":0,"42":0,"43":0,"44":0,"45":0,"46":0,"47":0,"48":0,"49":0,"50":0,"51":0,"52":0,"53":0,"54":0,"55":0,"56":0,"57":0,"58":0,"59":0,"60":0,"61":0,"62":0,"63":0,"64":0,"65":0,"66":0,"67":0,"68":0,"69":0,"70":0,"71":0,"72":0,"73":0,"74":0,"75":0,"76":0,"77":0,"78":0,"79":0,"80":0,"81":0,"82":0,"83":0,"84":0,"85":0,"86":0,"87":0,"88":0,"89":0,"90":0,"91":0,"92":0,"93":0,"94":0,"95":0,"96":0},"b":{"1":[0,0],"2":[0,0],"3":[0,0],"4":[0,0],"5":[0,0],"6":[0,0],"7":[0,0],"8":[0,0],"9":[0,0],"10":[0,0],"11":[0,0],"12":[0,0],"13":[0,0],"14":[0,0],"15":[0,0],"16":[0,0],"17":[0,0],"18":[0,0],"19":[0,0],"20":[0,0],"21":[0,0],"22":[0,0],"23":[0,0],"24":[0,0],"25":[0,0],"26":[0,0],"27":[0,0]},"f":{"1":0,"2":0,"3":0,"4":0,"5":0,"6":0,"7":0,"8":0,"9":0,"10":0,"11":0,"12":0,"13":0},"fnMap":{"1":{"name":"_interopRequireDefault","line":17,"loc":{"start":{"line":0,"column":0},"end":{"line":0,"column":0},"skip":true},"skip":true},"2":{"name":"(anonymous_2)","line":29,"loc":{"start":{"line":14,"column":8},"end":{"line":14,"column":19}}},"3":{"name":"(anonymous_3)","line":43,"loc":{"start":{"line":28,"column":8},"end":{"line":28,"column":19}}},"4":{"name":"(anonymous_4)","line":64,"loc":{"start":{"line":51,"column":9},"end":{"line":51,"column":20}}},"5":{"name":"(anonymous_5)","line":72,"loc":{"start":{"line":61,"column":9},"end":{"line":61,"column":20}}},"6":{"name":"(anonymous_6)","line":84,"loc":{"start":{"line":75,"column":14},"end":{"line":75,"column":30}}},"7":{"name":"(anonymous_7)","line":92,"loc":{"start":{"line":85,"column":14},"end":{"line":85,"column":33}}},"8":{"name":"(anonymous_8)","line":100,"loc":{"start":{"line":95,"column":14},"end":{"line":95,"column":30}}},"9":{"name":"(anonymous_9)","line":118,"loc":{"start":{"line":115,"column":25},"end":{"line":115,"column":41}}},"10":{"name":"(anonymous_10)","line":125,"loc":{"start":{"line":123,"column":17},"end":{"line":123,"column":32}}},"11":{"name":"(anonymous_11)","line":167,"loc":{"start":{"line":165,"column":4},"end":{"line":165,"column":37}}},"12":{"name":"(anonymous_12)","line":193,"loc":{"start":{"line":191,"column":4},"end":{"line":191,"column":22}}},"13":{"name":"(anonymous_13)","line":228,"loc":{"start":{"line":226,"column":4},"end":{"line":226,"column":40}}}},"statementMap":{"1":{"start":{"line":0,"column":0},"end":{"line":0,"column":0},"skip":true},"2":{"start":{"line":2,"column":0},"end":{"line":2,"column":0}},"3":{"start":{"line":0,"column":0},"end":{"line":0,"column":0},"skip":true},"4":{"start":{"line":4,"column":0},"end":{"line":4,"column":0}},"5":{"start":{"line":0,"column":0},"end":{"line":0,"column":0},"skip":true},"6":{"start":{"line":5,"column":0},"end":{"line":5,"column":0}},"7":{"start":{"line":0,"column":0},"end":{"line":0,"column":0},"skip":true},"8":{"start":{"line":0,"column":0},"end":{"line":0,"column":0},"skip":true},"9":{"start":{"line":0,"column":0},"end":{"line":0,"column":0},"skip":true},"10":{"start":{"line":7,"column":0},"end":{"line":7,"column":0}},"11":{"start":{"line":9,"column":0},"end":{"line":9,"column":0}},"12":{"start":{"line":15,"column":12},"end":{"line":19,"column":13}},"13":{"start":{"line":16,"column":16},"end":{"line":16,"column":16}},"14":{"start":{"line":18,"column":16},"end":{"line":18,"column":16}},"15":{"start":{"line":29,"column":12},"end":{"line":33,"column":13}},"16":{"start":{"line":30,"column":16},"end":{"line":30,"column":16}},"17":{"start":{"line":32,"column":16},"end":{"line":32,"column":16}},"18":{"start":{"line":49,"column":0},"end":{"line":49,"column":0}},"19":{"start":{"line":52,"column":8},"end":{"line":52,"column":8}},"20":{"start":{"line":59,"column":0},"end":{"line":59,"column":0}},"21":{"start":{"line":62,"column":8},"end":{"line":62,"column":8}},"22":{"start":{"line":73,"column":0},"end":{"line":73,"column":0}},"23":{"start":{"line":76,"column":8},"end":{"line":78,"column":9}},"24":{"start":{"line":77,"column":12},"end":{"line":77,"column":12}},"25":{"start":{"line":79,"column":8},"end":{"line":79,"column":8}},"26":{"start":{"line":83,"column":0},"end":{"line":83,"column":0}},"27":{"start":{"line":86,"column":8},"end":{"line":88,"column":9}},"28":{"start":{"line":87,"column":12},"end":{"line":87,"column":12}},"29":{"start":{"line":89,"column":8},"end":{"line":89,"column":8}},"30":{"start":{"line":93,"column":0},"end":{"line":93,"column":0}},"31":{"start":{"line":96,"column":8},"end":{"line":98,"column":9}},"32":{"start":{"line":97,"column":12},"end":{"line":97,"column":12}},"33":{"start":{"line":100,"column":8},"end":{"line":100,"column":8}},"34":{"start":{"line":102,"column":16},"end":{"line":107,"column":17}},"35":{"start":{"line":103,"column":20},"end":{"line":105,"column":21}},"36":{"start":{"line":104,"column":24},"end":{"line":104,"column":24}},"37":{"start":{"line":106,"column":20},"end":{"line":106,"column":20}},"38":{"start":{"line":108,"column":16},"end":{"line":108,"column":16}},"39":{"start":{"line":111,"column":16},"end":{"line":111,"column":16}},"40":{"start":{"line":115,"column":0},"end":{"line":115,"column":0}},"41":{"start":{"line":116,"column":4},"end":{"line":116,"column":4}},"42":{"start":{"line":122,"column":0},"end":{"line":122,"column":0}},"43":{"start":{"line":125,"column":8},"end":{"line":127,"column":9}},"44":{"start":{"line":126,"column":12},"end":{"line":126,"column":12}},"45":{"start":{"line":129,"column":8},"end":{"line":135,"column":9}},"46":{"start":{"line":130,"column":12},"end":{"line":134,"column":13}},"47":{"start":{"line":131,"column":16},"end":{"line":131,"column":16}},"48":{"start":{"line":133,"column":16},"end":{"line":133,"column":16}},"49":{"start":{"line":138,"column":8},"end":{"line":138,"column":8}},"50":{"start":{"line":139,"column":12},"end":{"line":141,"column":13}},"51":{"start":{"line":140,"column":16},"end":{"line":140,"column":16}},"52":{"start":{"line":142,"column":12},"end":{"line":142,"column":12}},"53":{"start":{"line":143,"column":12},"end":{"line":143,"column":12}},"54":{"start":{"line":144,"column":16},"end":{"line":146,"column":17}},"55":{"start":{"line":145,"column":20},"end":{"line":145,"column":20}},"56":{"start":{"line":147,"column":16},"end":{"line":147,"column":16}},"57":{"start":{"line":148,"column":16},"end":{"line":148,"column":16}},"58":{"start":{"line":156,"column":0},"end":{"line":156,"column":0}},"59":{"start":{"line":166,"column":8},"end":{"line":168,"column":9}},"60":{"start":{"line":167,"column":12},"end":{"line":167,"column":12}},"61":{"start":{"line":170,"column":8},"end":{"line":170,"column":8}},"62":{"start":{"line":171,"column":12},"end":{"line":173,"column":13}},"63":{"start":{"line":172,"column":16},"end":{"line":172,"column":16}},"64":{"start":{"line":175,"column":12},"end":{"line":179,"column":13}},"65":{"start":{"line":176,"column":16},"end":{"line":176,"column":16}},"66":{"start":{"line":178,"column":16},"end":{"line":178,"column":16}},"67":{"start":{"line":192,"column":8},"end":{"line":192,"column":8}},"68":{"start":{"line":193,"column":8},"end":{"line":193,"column":8}},"69":{"start":{"line":194,"column":8},"end":{"line":194,"column":8}},"70":{"start":{"line":196,"column":8},"end":{"line":203,"column":9}},"71":{"start":{"line":197,"column":12},"end":{"line":197,"column":12}},"72":{"start":{"line":198,"column":12},"end":{"line":198,"column":12}},"73":{"start":{"line":199,"column":15},"end":{"line":203,"column":9}},"74":{"start":{"line":200,"column":12},"end":{"line":200,"column":12}},"75":{"start":{"line":202,"column":12},"end":{"line":202,"column":12}},"76":{"start":{"line":205,"column":8},"end":{"line":207,"column":9}},"77":{"start":{"line":206,"column":12},"end":{"line":206,"column":12}},"78":{"start":{"line":209,"column":8},"end":{"line":209,"column":8}},"79":{"start":{"line":210,"column":12},"end":{"line":214,"column":13}},"80":{"start":{"line":211,"column":16},"end":{"line":211,"column":16}},"81":{"start":{"line":213,"column":16},"end":{"line":213,"column":16}},"82":{"start":{"line":227,"column":8},"end":{"line":233,"column":9}},"83":{"start":{"line":228,"column":12},"end":{"line":232,"column":13}},"84":{"start":{"line":229,"column":16},"end":{"line":229,"column":16}},"85":{"start":{"line":231,"column":16},"end":{"line":231,"column":16}},"86":{"start":{"line":235,"column":8},"end":{"line":235,"column":8}},"87":{"start":{"line":236,"column":8},"end":{"line":236,"column":8}},"88":{"start":{"line":237,"column":8},"end":{"line":237,"column":8}},"89":{"start":{"line":239,"column":8},"end":{"line":242,"column":9}},"90":{"start":{"line":240,"column":12},"end":{"line":240,"column":12}},"91":{"start":{"line":244,"column":8},"end":{"line":244,"column":8}},"92":{"start":{"line":245,"column":12},"end":{"line":249,"column":13}},"93":{"start":{"line":246,"column":16},"end":{"line":246,"column":16}},"94":{"start":{"line":248,"column":16},"end":{"line":248,"column":16}},"95":{"start":{"line":254,"column":0},"end":{"line":254,"column":0}},"96":{"start":{"line":0,"column":0},"end":{"line":0,"column":0},"skip":true}},"branchMap":{"1":{"line":17,"type":"cond-expr","locations":[{"start":{"line":0,"column":0},"end":{"line":0,"column":0},"skip":true},{"start":{"line":0,"column":0},"end":{"line":0,"column":0},"skip":true}]},"2":{"line":17,"type":"binary-expr","locations":[{"start":{"line":0,"column":0},"end":{"line":0,"column":0},"skip":true},{"start":{"line":0,"column":0},"end":{"line":0,"column":0},"skip":true}]},"3":{"line":30,"type":"if","locations":[{"start":{"line":15,"column":12},"end":{"line":15,"column":12}},{"start":{"line":15,"column":12},"end":{"line":15,"column":12}}]},"4":{"line":44,"type":"if","locations":[{"start":{"line":29,"column":12},"end":{"line":29,"column":12}},{"start":{"line":29,"column":12},"end":{"line":29,"column":12}}]},"5":{"line":85,"type":"if","locations":[{"start":{"line":76,"column":8},"end":{"line":76,"column":8}},{"start":{"line":76,"column":8},"end":{"line":76,"column":8}}]},"6":{"line":93,"type":"if","locations":[{"start":{"line":86,"column":8},"end":{"line":86,"column":8}},{"start":{"line":86,"column":8},"end":{"line":86,"column":8}}]},"7":{"line":101,"type":"if","locations":[{"start":{"line":96,"column":8},"end":{"line":96,"column":8}},{"start":{"line":96,"column":8},"end":{"line":96,"column":8}}]},"8":{"line":106,"type":"if","locations":[{"start":{"line":102,"column":16},"end":{"line":102,"column":16}},{"start":{"line":102,"column":16},"end":{"line":102,"column":16}}]},"9":{"line":107,"type":"if","locations":[{"start":{"line":103,"column":20},"end":{"line":103,"column":20}},{"start":{"line":103,"column":20},"end":{"line":103,"column":20}}]},"10":{"line":119,"type":"binary-expr","locations":[{"start":{"line":116,"column":11},"end":{"line":116,"column":11}},{"start":{"line":116,"column":20},"end":{"line":116,"column":4}}]},"11":{"line":127,"type":"if","locations":[{"start":{"line":125,"column":8},"end":{"line":125,"column":8}},{"start":{"line":125,"column":8},"end":{"line":125,"column":8}}]},"12":{"line":131,"type":"if","locations":[{"start":{"line":129,"column":8},"end":{"line":129,"column":8}},{"start":{"line":129,"column":8},"end":{"line":129,"column":8}}]},"13":{"line":132,"type":"if","locations":[{"start":{"line":130,"column":12},"end":{"line":130,"column":12}},{"start":{"line":130,"column":12},"end":{"line":130,"column":12}}]},"14":{"line":141,"type":"if","locations":[{"start":{"line":139,"column":12},"end":{"line":139,"column":12}},{"start":{"line":139,"column":12},"end":{"line":139,"column":12}}]},"15":{"line":146,"type":"if","locations":[{"start":{"line":144,"column":16},"end":{"line":144,"column":16}},{"start":{"line":144,"column":16},"end":{"line":144,"column":16}}]},"16":{"line":168,"type":"if","locations":[{"start":{"line":166,"column":8},"end":{"line":166,"column":8}},{"start":{"line":166,"column":8},"end":{"line":166,"column":8}}]},"17":{"line":173,"type":"if","locations":[{"start":{"line":171,"column":12},"end":{"line":171,"column":12}},{"start":{"line":171,"column":12},"end":{"line":171,"column":12}}]},"18":{"line":177,"type":"if","locations":[{"start":{"line":175,"column":12},"end":{"line":175,"column":12}},{"start":{"line":175,"column":12},"end":{"line":175,"column":12}}]},"19":{"line":198,"type":"if","locations":[{"start":{"line":196,"column":8},"end":{"line":196,"column":8}},{"start":{"line":196,"column":8},"end":{"line":196,"column":8}}]},"20":{"line":201,"type":"if","locations":[{"start":{"line":199,"column":15},"end":{"line":199,"column":15}},{"start":{"line":199,"column":15},"end":{"line":199,"column":15}}]},"21":{"line":207,"type":"if","locations":[{"start":{"line":205,"column":8},"end":{"line":205,"column":8}},{"start":{"line":205,"column":8},"end":{"line":205,"column":8}}]},"22":{"line":212,"type":"if","locations":[{"start":{"line":210,"column":12},"end":{"line":210,"column":12}},{"start":{"line":210,"column":12},"end":{"line":210,"column":12}}]},"23":{"line":229,"type":"if","locations":[{"start":{"line":227,"column":8},"end":{"line":227,"column":8}},{"start":{"line":227,"column":8},"end":{"line":227,"column":8}}]},"24":{"line":229,"type":"binary-expr","locations":[{"start":{"line":227,"column":11},"end":{"line":227,"column":11}},{"start":{"line":227,"column":24},"end":{"line":227,"column":8}}]},"25":{"line":230,"type":"if","locations":[{"start":{"line":228,"column":12},"end":{"line":228,"column":12}},{"start":{"line":228,"column":12},"end":{"line":228,"column":12}}]},"26":{"line":241,"type":"if","locations":[{"start":{"line":239,"column":8},"end":{"line":239,"column":8}},{"start":{"line":239,"column":8},"end":{"line":239,"column":8}}]},"27":{"line":246,"type":"if","locations":[{"start":{"line":245,"column":12},"end":{"line":245,"column":12}},{"start":{"line":245,"column":12},"end":{"line":245,"column":12}}]}},"l":{"0":1,"2":0,"4":0,"5":0,"7":0,"9":0,"15":0,"16":0,"18":0,"29":0,"30":0,"32":0,"49":0,"52":0,"59":0,"62":0,"73":0,"76":0,"77":0,"79":0,"83":0,"86":0,"87":0,"89":0,"93":0,"96":0,"97":0,"100":0,"102":0,"103":0,"104":0,"106":0,"108":0,"111":0,"115":0,"116":0,"122":0,"125":0,"126":0,"129":0,"130":0,"131":0,"133":0,"138":0,"139":0,"140":0,"142":0,"143":0,"144":0,"145":0,"147":0,"148":0,"156":0,"166":0,"167":0,"170":0,"171":0,"172":0,"175":0,"176":0,"178":0,"192":0,"193":0,"194":0,"196":0,"197":0,"198":0,"199":0,"200":0,"202":0,"205":0,"206":0,"209":0,"210":0,"211":0,"213":0,"227":0,"228":0,"229":0,"231":0,"235":0,"236":0,"237":0,"239":0,"240":0,"244":0,"245":0,"246":0,"248":0,"254":0}},
"/app/web2/server/auth/google/index.js":{"path":"/app/web2/server/auth/google/index.js","s":{"1":0,"2":0,"3":0,"4":0,"5":0,"6":0,"7":1,"8":0,"9":0,"10":0,"11":0},"b":{"1":[0,0],"2":[0,0]},"f":{"1":0},"fnMap":{"1":{"name":"_interopRequireDefault","line":17,"loc":{"start":{"line":0,"column":0},"end":{"line":0,"column":0},"skip":true},"skip":true}},"statementMap":{"1":{"start":{"line":0,"column":0},"end":{"line":0,"column":0},"skip":true},"2":{"start":{"line":1,"column":-15},"end":{"line":1,"column":-15}},"3":{"start":{"line":0,"column":0},"end":{"line":0,"column":0},"skip":true},"4":{"start":{"line":2,"column":0},"end":{"line":2,"column":0}},"5":{"start":{"line":0,"column":0},"end":{"line":0,"column":0},"skip":true},"6":{"start":{"line":3,"column":0},"end":{"line":3,"column":0}},"7":{"start":{"line":0,"column":0},"end":{"line":0,"column":0},"skip":true},"8":{"start":{"line":0,"column":0},"end":{"line":0,"column":0},"skip":true},"9":{"start":{"line":5,"column":0},"end":{"line":5,"column":0}},"10":{"start":{"line":7,"column":0},"end":{"line":7,"column":0}},"11":{"start":{"line":0,"column":0},"end":{"line":0,"column":0},"skip":true}},"branchMap":{"1":{"line":17,"type":"cond-expr","locations":[{"start":{"line":0,"column":0},"end":{"line":0,"column":0},"skip":true},{"start":{"line":0,"column":0},"end":{"line":0,"column":0},"skip":true}]},"2":{"line":17,"type":"binary-expr","locations":[{"start":{"line":0,"column":0},"end":{"line":0,"column":0},"skip":true},{"start":{"line":0,"column":0},"end":{"line":0,"column":0},"skip":true}]}},"l":{"0":1,"1":0,"2":0,"3":0,"5":0,"7":0}},
"/app/web2/server/auth/google/passport.js":{"path":"/app/web2/server/auth/google/passport.js","s":{"1":0,"2":0,"3":0,"4":0,"5":0,"6":1,"7":0,"8":1,"9":0,"10":0,"11":0,"12":0,"13":0,"14":0,"15":0,"16":0,"17":0},"b":{"1":[0,0],"2":[0,0],"3":[0,0]},"f":{"1":0,"2":0,"3":0},"fnMap":{"1":{"name":"_interopRequireDefault","line":14,"loc":{"start":{"line":0,"column":0},"end":{"line":0,"column":0},"skip":true},"skip":true},"2":{"name":"setup","line":16,"loc":{"start":{"line":4,"column":7},"end":{"line":4,"column":36}}},"3":{"name":"(anonymous_3)","line":21,"loc":{"start":{"line":10,"column":4},"end":{"line":10,"column":55}}}},"statementMap":{"1":{"start":{"line":0,"column":0},"end":{"line":0,"column":0},"skip":true},"2":{"start":{"line":0,"column":0},"end":{"line":0,"column":0},"skip":true},"3":{"start":{"line":1,"column":-15},"end":{"line":1,"column":-15}},"4":{"start":{"line":0,"column":0},"end":{"line":0,"column":0},"skip":true},"5":{"start":{"line":2,"column":0},"end":{"line":2,"column":0}},"6":{"start":{"line":0,"column":0},"end":{"line":0,"column":0},"skip":true},"7":{"start":{"line":0,"column":0},"end":{"line":0,"column":0},"skip":true},"8":{"start":{"line":4,"column":7},"end":{"line":31,"column":1}},"9":{"start":{"line":5,"column":4},"end":{"line":5,"column":4}},"10":{"start":{"line":11,"column":8},"end":{"line":11,"column":8}},"11":{"start":{"line":13,"column":16},"end":{"line":15,"column":17}},"12":{"start":{"line":14,"column":20},"end":{"line":14,"column":20}},"13":{"start":{"line":17,"column":16},"end":{"line":17,"column":16}},"14":{"start":{"line":25,"column":16},"end":{"line":25,"column":16}},"15":{"start":{"line":26,"column":39},"end":{"line":25,"column":16}},"16":{"start":{"line":27,"column":34},"end":{"line":25,"column":16}},"17":{"start":{"line":29,"column":26},"end":{"line":11,"column":8}}},"branchMap":{"1":{"line":14,"type":"cond-expr","locations":[{"start":{"line":0,"column":0},"end":{"line":0,"column":0},"skip":true},{"start":{"line":0,"column":0},"end":{"line":0,"column":0},"skip":true}]},"2":{"line":14,"type":"binary-expr","locations":[{"start":{"line":0,"column":0},"end":{"line":0,"column":0},"skip":true},{"start":{"line":0,"column":0},"end":{"line":0,"column":0},"skip":true}]},"3":{"line":23,"type":"if","locations":[{"start":{"line":13,"column":16},"end":{"line":13,"column":16}},{"start":{"line":13,"column":16},"end":{"line":13,"column":16}}]}},"l":{"0":1,"1":0,"2":0,"4":1,"5":0,"11":0,"13":0,"14":0,"17":0,"25":0,"26":0,"27":0,"29":0}},
"/app/web2/server/auth/local/index.js":{"path":"/app/web2/server/auth/local/index.js","s":{"1":0,"2":0,"3":0,"4":0,"5":0,"6":0,"7":1,"8":0,"9":0,"10":0,"11":0,"12":0,"13":0,"14":0,"15":0,"16":0,"17":0,"18":0,"19":0},"b":{"1":[0,0],"2":[0,0],"3":[0,0],"4":[0,0],"5":[0,0]},"f":{"1":0,"2":0,"3":0},"fnMap":{"1":{"name":"_interopRequireDefault","line":17,"loc":{"start":{"line":0,"column":0},"end":{"line":0,"column":0},"skip":true},"skip":true},"2":{"name":"(anonymous_2)","line":21,"loc":{"start":{"line":7,"column":17},"end":{"line":7,"column":42}}},"3":{"name":"(anonymous_3)","line":22,"loc":{"start":{"line":8,"column":35},"end":{"line":8,"column":61}}}},"statementMap":{"1":{"start":{"line":0,"column":0},"end":{"line":0,"column":0},"skip":true},"2":{"start":{"line":1,"column":-15},"end":{"line":1,"column":-15}},"3":{"start":{"line":0,"column":0},"end":{"line":0,"column":0},"skip":true},"4":{"start":{"line":2,"column":0},"end":{"line":2,"column":0}},"5":{"start":{"line":0,"column":0},"end":{"line":0,"column":0},"skip":true},"6":{"start":{"line":3,"column":0},"end":{"line":3,"column":0}},"7":{"start":{"line":0,"column":0},"end":{"line":0,"column":0},"skip":true},"8":{"start":{"line":0,"column":0},"end":{"line":0,"column":0},"skip":true},"9":{"start":{"line":5,"column":0},"end":{"line":5,"column":0}},"10":{"start":{"line":7,"column":0},"end":{"line":7,"column":0}},"11":{"start":{"line":8,"column":4},"end":{"line":8,"column":4}},"12":{"start":{"line":9,"column":8},"end":{"line":9,"column":8}},"13":{"start":{"line":10,"column":8},"end":{"line":12,"column":9}},"14":{"start":{"line":11,"column":12},"end":{"line":11,"column":12}},"15":{"start":{"line":13,"column":8},"end":{"line":15,"column":9}},"16":{"start":{"line":14,"column":12},"end":{"line":14,"column":12}},"17":{"start":{"line":17,"column":8},"end":{"line":17,"column":8}},"18":{"start":{"line":18,"column":8},"end":{"line":18,"column":8}},"19":{"start":{"line":0,"column":0},"end":{"line":0,"column":0},"skip":true}},"branchMap":{"1":{"line":17,"type":"cond-expr","locations":[{"start":{"line":0,"column":0},"end":{"line":0,"column":0},"skip":true},{"start":{"line":0,"column":0},"end":{"line":0,"column":0},"skip":true}]},"2":{"line":17,"type":"binary-expr","locations":[{"start":{"line":0,"column":0},"end":{"line":0,"column":0},"skip":true},{"start":{"line":0,"column":0},"end":{"line":0,"column":0},"skip":true}]},"3":{"line":23,"type":"binary-expr","locations":[{"start":{"line":9,"column":20},"end":{"line":9,"column":20}},{"start":{"line":9,"column":27},"end":{"line":9,"column":8}}]},"4":{"line":24,"type":"if","locations":[{"start":{"line":10,"column":8},"end":{"line":10,"column":8}},{"start":{"line":10,"column":8},"end":{"line":10,"column":8}}]},"5":{"line":27,"type":"if","locations":[{"start":{"line":13,"column":8},"end":{"line":13,"column":8}},{"start":{"line":13,"column":8},"end":{"line":13,"column":8}}]}},"l":{"0":1,"1":0,"2":0,"3":0,"5":0,"7":0,"8":0,"9":0,"10":0,"11":0,"13":0,"14":0,"17":0,"18":0}},
"/app/web2/server/auth/local/passport.js":{"path":"/app/web2/server/auth/local/passport.js","s":{"1":0,"2":0,"3":0,"4":0,"5":0,"6":1,"7":0,"8":1,"9":0,"10":0,"11":0,"12":0,"13":0,"14":0,"15":0,"16":0,"17":0,"18":0,"19":1,"20":0,"21":0},"b":{"1":[0,0],"2":[0,0],"3":[0,0],"4":[0,0],"5":[0,0]},"f":{"1":0,"2":0,"3":0,"4":0,"5":0},"fnMap":{"1":{"name":"_interopRequireDefault","line":14,"loc":{"start":{"line":0,"column":0},"end":{"line":0,"column":0},"skip":true},"skip":true},"2":{"name":"localAuthenticate","line":16,"loc":{"start":{"line":4,"column":0},"end":{"line":4,"column":56}}},"3":{"name":"(anonymous_3)","line":25,"loc":{"start":{"line":14,"column":40},"end":{"line":14,"column":75}}},"4":{"name":"setup","line":38,"loc":{"start":{"line":28,"column":7},"end":{"line":28,"column":40}}},"5":{"name":"(anonymous_5)","line":42,"loc":{"start":{"line":32,"column":7},"end":{"line":32,"column":39}}}},"statementMap":{"1":{"start":{"line":0,"column":0},"end":{"line":0,"column":0},"skip":true},"2":{"start":{"line":0,"column":0},"end":{"line":0,"column":0},"skip":true},"3":{"start":{"line":1,"column":-15},"end":{"line":1,"column":-15}},"4":{"start":{"line":0,"column":0},"end":{"line":0,"column":0},"skip":true},"5":{"start":{"line":2,"column":0},"end":{"line":2,"column":0}},"6":{"start":{"line":0,"column":0},"end":{"line":0,"column":0},"skip":true},"7":{"start":{"line":0,"column":0},"end":{"line":0,"column":0},"skip":true},"8":{"start":{"line":4,"column":0},"end":{"line":26,"column":1}},"9":{"start":{"line":5,"column":4},"end":{"line":5,"column":4}},"10":{"start":{"line":9,"column":12},"end":{"line":13,"column":13}},"11":{"start":{"line":10,"column":16},"end":{"line":10,"column":16}},"12":{"start":{"line":14,"column":12},"end":{"line":14,"column":12}},"13":{"start":{"line":15,"column":16},"end":{"line":17,"column":17}},"14":{"start":{"line":16,"column":20},"end":{"line":16,"column":20}},"15":{"start":{"line":18,"column":16},"end":{"line":22,"column":17}},"16":{"start":{"line":19,"column":20},"end":{"line":19,"column":20}},"17":{"start":{"line":21,"column":20},"end":{"line":21,"column":20}},"18":{"start":{"line":25,"column":22},"end":{"line":5,"column":4}},"19":{"start":{"line":28,"column":7},"end":{"line":35,"column":1}},"20":{"start":{"line":29,"column":4},"end":{"line":29,"column":4}},"21":{"start":{"line":33,"column":8},"end":{"line":33,"column":8}}},"branchMap":{"1":{"line":14,"type":"cond-expr","locations":[{"start":{"line":0,"column":0},"end":{"line":0,"column":0},"skip":true},{"start":{"line":0,"column":0},"end":{"line":0,"column":0},"skip":true}]},"2":{"line":14,"type":"binary-expr","locations":[{"start":{"line":0,"column":0},"end":{"line":0,"column":0},"skip":true},{"start":{"line":0,"column":0},"end":{"line":0,"column":0},"skip":true}]},"3":{"line":20,"type":"if","locations":[{"start":{"line":9,"column":12},"end":{"line":9,"column":12}},{"start":{"line":9,"column":12},"end":{"line":9,"column":12}}]},"4":{"line":26,"type":"if","locations":[{"start":{"line":15,"column":16},"end":{"line":15,"column":16}},{"start":{"line":15,"column":16},"end":{"line":15,"column":16}}]},"5":{"line":29,"type":"if","locations":[{"start":{"line":18,"column":16},"end":{"line":18,"column":16}},{"start":{"line":18,"column":16},"end":{"line":18,"column":16}}]}},"l":{"0":1,"1":0,"2":0,"4":1,"5":0,"9":0,"10":0,"14":0,"15":0,"16":0,"18":0,"19":0,"21":0,"25":0,"28":1,"29":0,"33":0}},
"/app/web2/server/auth/facebook/index.js":{"path":"/app/web2/server/auth/facebook/index.js","s":{"1":0,"2":0,"3":0,"4":0,"5":0,"6":0,"7":1,"8":0,"9":0,"10":0,"11":0},"b":{"1":[0,0],"2":[0,0]},"f":{"1":0},"fnMap":{"1":{"name":"_interopRequireDefault","line":17,"loc":{"start":{"line":0,"column":0},"end":{"line":0,"column":0},"skip":true},"skip":true}},"statementMap":{"1":{"start":{"line":0,"column":0},"end":{"line":0,"column":0},"skip":true},"2":{"start":{"line":1,"column":-15},"end":{"line":1,"column":-15}},"3":{"start":{"line":0,"column":0},"end":{"line":0,"column":0},"skip":true},"4":{"start":{"line":2,"column":0},"end":{"line":2,"column":0}},"5":{"start":{"line":0,"column":0},"end":{"line":0,"column":0},"skip":true},"6":{"start":{"line":3,"column":0},"end":{"line":3,"column":0}},"7":{"start":{"line":0,"column":0},"end":{"line":0,"column":0},"skip":true},"8":{"start":{"line":0,"column":0},"end":{"line":0,"column":0},"skip":true},"9":{"start":{"line":5,"column":0},"end":{"line":5,"column":0}},"10":{"start":{"line":7,"column":0},"end":{"line":7,"column":0}},"11":{"start":{"line":0,"column":0},"end":{"line":0,"column":0},"skip":true}},"branchMap":{"1":{"line":17,"type":"cond-expr","locations":[{"start":{"line":0,"column":0},"end":{"line":0,"column":0},"skip":true},{"start":{"line":0,"column":0},"end":{"line":0,"column":0},"skip":true}]},"2":{"line":17,"type":"binary-expr","locations":[{"start":{"line":0,"column":0},"end":{"line":0,"column":0},"skip":true},{"start":{"line":0,"column":0},"end":{"line":0,"column":0},"skip":true}]}},"l":{"0":1,"1":0,"2":0,"3":0,"5":0,"7":0}},
"/app/web2/server/auth/facebook/passport.js":{"path":"/app/web2/server/auth/facebook/passport.js","s":{"1":0,"2":0,"3":0,"4":0,"5":0,"6":1,"7":0,"8":1,"9":0,"10":0,"11":0,"12":0,"13":0,"14":0,"15":0,"16":0,"17":0},"b":{"1":[0,0],"2":[0,0],"3":[0,0]},"f":{"1":0,"2":0,"3":0},"fnMap":{"1":{"name":"_interopRequireDefault","line":14,"loc":{"start":{"line":0,"column":0},"end":{"line":0,"column":0},"skip":true},"skip":true},"2":{"name":"setup","line":16,"loc":{"start":{"line":4,"column":7},"end":{"line":4,"column":36}}},"3":{"name":"(anonymous_3)","line":22,"loc":{"start":{"line":14,"column":4},"end":{"line":14,"column":55}}}},"statementMap":{"1":{"start":{"line":0,"column":0},"end":{"line":0,"column":0},"skip":true},"2":{"start":{"line":0,"column":0},"end":{"line":0,"column":0},"skip":true},"3":{"start":{"line":1,"column":-15},"end":{"line":1,"column":-15}},"4":{"start":{"line":0,"column":0},"end":{"line":0,"column":0},"skip":true},"5":{"start":{"line":2,"column":0},"end":{"line":2,"column":0}},"6":{"start":{"line":0,"column":0},"end":{"line":0,"column":0},"skip":true},"7":{"start":{"line":0,"column":0},"end":{"line":0,"column":0},"skip":true},"8":{"start":{"line":4,"column":7},"end":{"line":34,"column":1}},"9":{"start":{"line":5,"column":4},"end":{"line":5,"column":4}},"10":{"start":{"line":15,"column":8},"end":{"line":15,"column":8}},"11":{"start":{"line":17,"column":16},"end":{"line":19,"column":17}},"12":{"start":{"line":18,"column":20},"end":{"line":18,"column":20}},"13":{"start":{"line":21,"column":16},"end":{"line":21,"column":16}},"14":{"start":{"line":28,"column":16},"end":{"line":28,"column":16}},"15":{"start":{"line":29,"column":39},"end":{"line":28,"column":16}},"16":{"start":{"line":30,"column":34},"end":{"line":28,"column":16}},"17":{"start":{"line":32,"column":26},"end":{"line":15,"column":8}}},"branchMap":{"1":{"line":14,"type":"cond-expr","locations":[{"start":{"line":0,"column":0},"end":{"line":0,"column":0},"skip":true},{"start":{"line":0,"column":0},"end":{"line":0,"column":0},"skip":true}]},"2":{"line":14,"type":"binary-expr","locations":[{"start":{"line":0,"column":0},"end":{"line":0,"column":0},"skip":true},{"start":{"line":0,"column":0},"end":{"line":0,"column":0},"skip":true}]},"3":{"line":24,"type":"if","locations":[{"start":{"line":17,"column":16},"end":{"line":17,"column":16}},{"start":{"line":17,"column":16},"end":{"line":17,"column":16}}]}},"l":{"0":1,"1":0,"2":0,"4":1,"5":0,"15":0,"17":0,"18":0,"21":0,"28":0,"29":0,"30":0,"32":0}},
"/app/web2/server/config/environment/development.js":{"path":"/app/web2/server/config/environment/development.js","s":{"1":0},"b":{"1":[0,0]},"f":{},"fnMap":{},"statementMap":{"1":{"start":{"line":5,"column":0},"end":{"line":5,"column":0}}},"branchMap":{"1":{"line":11,"type":"binary-expr","locations":[{"start":{"line":9,"column":13},"end":{"line":9,"column":13}},{"start":{"line":9,"column":40},"end":{"line":9,"column":40}}]}},"l":{"5":0}},
"/app/web2/server/config/environment/index.js":{"path":"/app/web2/server/config/environment/index.js","s":{"1":0,"2":0,"3":0,"4":0,"5":1,"6":0,"7":0,"8":0},"b":{"1":[0,0],"2":[0,0],"3":[0,0],"4":[0,0],"5":[0,0],"6":[0,0],"7":[0,0],"8":[0,0],"9":[0,0],"10":[0,0],"11":[0,0],"12":[0,0],"13":[0,0],"14":[0,0],"15":[0,0]},"f":{"1":0},"fnMap":{"1":{"name":"_interopRequireDefault","line":11,"loc":{"start":{"line":0,"column":0},"end":{"line":0,"column":0},"skip":true},"skip":true}},"statementMap":{"1":{"start":{"line":3,"column":0},"end":{"line":3,"column":0}},"2":{"start":{"line":0,"column":0},"end":{"line":0,"column":0},"skip":true},"3":{"start":{"line":4,"column":0},"end":{"line":4,"column":0}},"4":{"start":{"line":0,"column":0},"end":{"line":0,"column":0},"skip":true},"5":{"start":{"line":0,"column":0},"end":{"line":0,"column":0},"skip":true},"6":{"start":{"line":0,"column":0},"end":{"line":0,"column":0},"skip":true},"7":{"start":{"line":15,"column":0},"end":{"line":15,"column":0}},"8":{"start":{"line":69,"column":0},"end":{"line":69,"column":0}}},"branchMap":{"1":{"line":11,"type":"cond-expr","locations":[{"start":{"line":0,"column":0},"end":{"line":0,"column":0},"skip":true},{"start":{"line":0,"column":0},"end":{"line":0,"column":0},"skip":true}]},"2":{"line":11,"type":"binary-expr","locations":[{"start":{"line":0,"column":0},"end":{"line":0,"column":0},"skip":true},{"start":{"line":0,"column":0},"end":{"line":0,"column":0},"skip":true}]},"3":{"line":31,"type":"binary-expr","locations":[{"start":{"line":22,"column":16},"end":{"line":22,"column":16}},{"start":{"line":22,"column":43},"end":{"line":15,"column":10}}]},"4":{"line":34,"type":"binary-expr","locations":[{"start":{"line":25,"column":10},"end":{"line":25,"column":10}},{"start":{"line":25,"column":30},"end":{"line":15,"column":10}}]},"5":{"line":37,"type":"binary-expr","locations":[{"start":{"line":28,"column":8},"end":{"line":28,"column":8}},{"start":{"line":28,"column":26},"end":{"line":15,"column":10}}]},"6":{"line":58,"type":"binary-expr","locations":[{"start":{"line":49,"column":18},"end":{"line":49,"column":18}},{"start":{"line":49,"column":45},"end":{"line":48,"column":14}}]},"7":{"line":59,"type":"binary-expr","locations":[{"start":{"line":50,"column":22},"end":{"line":50,"column":22}},{"start":{"line":50,"column":53},"end":{"line":48,"column":14}}]},"8":{"line":60,"type":"binary-expr","locations":[{"start":{"line":51,"column":24},"end":{"line":51,"column":24}},{"start":{"line":51,"column":46},"end":{"line":51,"column":49}}]},"9":{"line":64,"type":"binary-expr","locations":[{"start":{"line":55,"column":18},"end":{"line":55,"column":18}},{"start":{"line":55,"column":44},"end":{"line":54,"column":13}}]},"10":{"line":65,"type":"binary-expr","locations":[{"start":{"line":56,"column":22},"end":{"line":56,"column":22}},{"start":{"line":56,"column":52},"end":{"line":54,"column":13}}]},"11":{"line":66,"type":"binary-expr","locations":[{"start":{"line":57,"column":24},"end":{"line":57,"column":24}},{"start":{"line":57,"column":46},"end":{"line":57,"column":49}}]},"12":{"line":70,"type":"binary-expr","locations":[{"start":{"line":61,"column":18},"end":{"line":61,"column":18}},{"start":{"line":61,"column":43},"end":{"line":60,"column":12}}]},"13":{"line":71,"type":"binary-expr","locations":[{"start":{"line":62,"column":22},"end":{"line":62,"column":22}},{"start":{"line":62,"column":51},"end":{"line":60,"column":12}}]},"14":{"line":72,"type":"binary-expr","locations":[{"start":{"line":63,"column":24},"end":{"line":63,"column":24}},{"start":{"line":63,"column":46},"end":{"line":63,"column":49}}]},"15":{"line":78,"type":"binary-expr","locations":[{"start":{"line":72,"column":4},"end":{"line":72,"column":4}},{"start":{"line":72,"column":47},"end":{"line":69,"column":17}}]}},"l":{"0":1,"3":0,"4":0,"15":0,"69":0}},
"/app/web2/server/config/environment/production.js":{"path":"/app/web2/server/config/environment/production.js","s":{"1":0},"b":{"1":[0,0,0],"2":[0,0,0],"3":[0,0,0,0]},"f":{},"fnMap":{},"statementMap":{"1":{"start":{"line":5,"column":0},"end":{"line":5,"column":0}}},"branchMap":{"1":{"line":9,"type":"binary-expr","locations":[{"start":{"line":7,"column":8},"end":{"line":7,"column":8}},{"start":{"line":8,"column":11},"end":{"line":7,"column":8}},{"start":{"line":9,"column":11},"end":{"line":5,"column":17}}]},"2":{"line":12,"type":"binary-expr","locations":[{"start":{"line":12,"column":10},"end":{"line":12,"column":10}},{"start":{"line":13,"column":11},"end":{"line":12,"column":10}},{"start":{"line":14,"column":11},"end":{"line":5,"column":17}}]},"3":{"line":17,"type":"binary-expr","locations":[{"start":{"line":19,"column":13},"end":{"line":19,"column":13}},{"start":{"line":20,"column":15},"end":{"line":19,"column":13}},{"start":{"line":21,"column":15},"end":{"line":19,"column":13}},{"start":{"line":22,"column":15},"end":{"line":22,"column":15}}]}},"l":{"5":0}},
"/app/web2/server/config/environment/shared.js":{"path":"/app/web2/server/config/environment/shared.js","s":{"1":0,"2":0,"3":0,"4":0,"5":0,"6":0},"b":{"1":[0,0]},"f":{},"fnMap":{},"statementMap":{"1":{"start":{"line":0,"column":0},"end":{"line":0,"column":0},"skip":true},"2":{"start":{"line":3,"column":7},"end":{"line":3,"column":7}},"3":{"start":{"line":4,"column":7},"end":{"line":4,"column":7}},"4":{"start":{"line":6,"column":7},"end":{"line":6,"column":7}},"5":{"start":{"line":9,"column":7},"end":{"line":9,"column":7}},"6":{"start":{"line":0,"column":0},"end":{"line":0,"column":0},"skip":true}},"branchMap":{"1":{"line":9,"type":"binary-expr","locations":[{"start":{"line":4,"column":20},"end":{"line":4,"column":20}},{"start":{"line":4,"column":40},"end":{"line":4,"column":7}}]}},"l":{"0":1,"3":0,"4":0,"6":0,"9":0}},
"/app/web2/server/config/environment/test.js":{"path":"/app/web2/server/config/environment/test.js","s":{"1":0},"b":{"1":[0,0]},"f":{},"fnMap":{},"statementMap":{"1":{"start":{"line":5,"column":0},"end":{"line":5,"column":0}}},"branchMap":{"1":{"line":11,"type":"binary-expr","locations":[{"start":{"line":9,"column":13},"end":{"line":9,"column":13}},{"start":{"line":9,"column":40},"end":{"line":9,"column":40}}]}},"l":{"5":0}},
"/app/web2/server/auth/twitter/index.js":{"path":"/app/web2/server/auth/twitter/index.js","s":{"1":0,"2":0,"3":0,"4":0,"5":0,"6":0,"7":1,"8":0,"9":0,"10":0,"11":0},"b":{"1":[0,0],"2":[0,0]},"f":{"1":0},"fnMap":{"1":{"name":"_interopRequireDefault","line":17,"loc":{"start":{"line":0,"column":0},"end":{"line":0,"column":0},"skip":true},"skip":true}},"statementMap":{"1":{"start":{"line":0,"column":0},"end":{"line":0,"column":0},"skip":true},"2":{"start":{"line":1,"column":-15},"end":{"line":1,"column":-15}},"3":{"start":{"line":0,"column":0},"end":{"line":0,"column":0},"skip":true},"4":{"start":{"line":2,"column":0},"end":{"line":2,"column":0}},"5":{"start":{"line":0,"column":0},"end":{"line":0,"column":0},"skip":true},"6":{"start":{"line":3,"column":0},"end":{"line":3,"column":0}},"7":{"start":{"line":0,"column":0},"end":{"line":0,"column":0},"skip":true},"8":{"start":{"line":0,"column":0},"end":{"line":0,"column":0},"skip":true},"9":{"start":{"line":5,"column":0},"end":{"line":5,"column":0}},"10":{"start":{"line":7,"column":0},"end":{"line":7,"column":0}},"11":{"start":{"line":0,"column":0},"end":{"line":0,"column":0},"skip":true}},"branchMap":{"1":{"line":17,"type":"cond-expr","locations":[{"start":{"line":0,"column":0},"end":{"line":0,"column":0},"skip":true},{"start":{"line":0,"column":0},"end":{"line":0,"column":0},"skip":true}]},"2":{"line":17,"type":"binary-expr","locations":[{"start":{"line":0,"column":0},"end":{"line":0,"column":0},"skip":true},{"start":{"line":0,"column":0},"end":{"line":0,"column":0},"skip":true}]}},"l":{"0":1,"1":0,"2":0,"3":0,"5":0,"7":0}},
"/app/web2/server/auth/twitter/passport.js":{"path":"/app/web2/server/auth/twitter/passport.js","s":{"1":0,"2":0,"3":0,"4":0,"5":0,"6":1,"7":0,"8":1,"9":0,"10":0,"11":0,"12":0,"13":0,"14":0,"15":0,"16":0,"17":0,"18":0,"19":0},"b":{"1":[0,0],"2":[0,0],"3":[0,0]},"f":{"1":0,"2":0,"3":0},"fnMap":{"1":{"name":"_interopRequireDefault","line":14,"loc":{"start":{"line":0,"column":0},"end":{"line":0,"column":0},"skip":true},"skip":true},"2":{"name":"setup","line":16,"loc":{"start":{"line":4,"column":7},"end":{"line":4,"column":36}}},"3":{"name":"(anonymous_3)","line":21,"loc":{"start":{"line":10,"column":4},"end":{"line":10,"column":48}}}},"statementMap":{"1":{"start":{"line":0,"column":0},"end":{"line":0,"column":0},"skip":true},"2":{"start":{"line":0,"column":0},"end":{"line":0,"column":0},"skip":true},"3":{"start":{"line":1,"column":-15},"end":{"line":1,"column":-15}},"4":{"start":{"line":0,"column":0},"end":{"line":0,"column":0},"skip":true},"5":{"start":{"line":2,"column":0},"end":{"line":2,"column":0}},"6":{"start":{"line":0,"column":0},"end":{"line":0,"column":0},"skip":true},"7":{"start":{"line":0,"column":0},"end":{"line":0,"column":0},"skip":true},"8":{"start":{"line":4,"column":7},"end":{"line":33,"column":1}},"9":{"start":{"line":5,"column":4},"end":{"line":5,"column":4}},"10":{"start":{"line":11,"column":8},"end":{"line":11,"column":8}},"11":{"start":{"line":12,"column":8},"end":{"line":12,"column":8}},"12":{"start":{"line":14,"column":8},"end":{"line":14,"column":8}},"13":{"start":{"line":16,"column":16},"end":{"line":18,"column":17}},"14":{"start":{"line":17,"column":20},"end":{"line":17,"column":20}},"15":{"start":{"line":20,"column":16},"end":{"line":20,"column":16}},"16":{"start":{"line":27,"column":16},"end":{"line":27,"column":16}},"17":{"start":{"line":28,"column":39},"end":{"line":27,"column":16}},"18":{"start":{"line":29,"column":34},"end":{"line":27,"column":16}},"19":{"start":{"line":31,"column":26},"end":{"line":14,"column":8}}},"branchMap":{"1":{"line":14,"type":"cond-expr","locations":[{"start":{"line":0,"column":0},"end":{"line":0,"column":0},"skip":true},{"start":{"line":0,"column":0},"end":{"line":0,"column":0},"skip":true}]},"2":{"line":14,"type":"binary-expr","locations":[{"start":{"line":0,"column":0},"end":{"line":0,"column":0},"skip":true},{"start":{"line":0,"column":0},"end":{"line":0,"column":0},"skip":true}]},"3":{"line":26,"type":"if","locations":[{"start":{"line":16,"column":16},"end":{"line":16,"column":16}},{"start":{"line":16,"column":16},"end":{"line":16,"column":16}}]}},"l":{"0":1,"1":0,"2":0,"4":1,"5":0,"11":0,"12":0,"14":0,"16":0,"17":0,"20":0,"27":0,"28":0,"29":0,"31":0}},
"/app/web2/server/components/errors/index.js":{"path":"/app/web2/server/components/errors/index.js","s":{"1":0,"2":0,"3":0,"4":0,"5":0,"6":0,"7":0,"8":0,"9":0},"b":{"1":[0,0]},"f":{"1":0,"2":0},"fnMap":{"1":{"name":"pageNotFound","line":7,"loc":{"start":{"line":5,"column":22},"end":{"line":5,"column":54}}},"2":{"name":"(anonymous_2)","line":15,"loc":{"start":{"line":13,"column":33},"end":{"line":13,"column":53}}}},"statementMap":{"1":{"start":{"line":5,"column":0},"end":{"line":5,"column":0}},"2":{"start":{"line":6,"column":4},"end":{"line":6,"column":4}},"3":{"start":{"line":7,"column":4},"end":{"line":7,"column":4}},"4":{"start":{"line":8,"column":4},"end":{"line":8,"column":4}},"5":{"start":{"line":12,"column":4},"end":{"line":12,"column":4}},"6":{"start":{"line":13,"column":4},"end":{"line":13,"column":4}},"7":{"start":{"line":14,"column":8},"end":{"line":16,"column":9}},"8":{"start":{"line":15,"column":12},"end":{"line":15,"column":12}},"9":{"start":{"line":18,"column":8},"end":{"line":18,"column":8}}},"branchMap":{"1":{"line":16,"type":"if","locations":[{"start":{"line":14,"column":8},"end":{"line":14,"column":8}},{"start":{"line":14,"column":8},"end":{"line":14,"column":8}}]}},"l":{"5":0,"6":0,"7":0,"8":0,"12":0,"13":0,"14":0,"15":0,"18":0}}}
