TN:
SF:/app/web2/server/app.js
FN:31,_interopRequireDefault
FN:38,(anonymous_2)
FN:50,startServer
FN:51,(anonymous_4)
FNF:4
FNH:1
FNDA:0,_interopRequireDefault
FNDA:0,(anonymous_2)
FNDA:0,startServer
FNDA:0,(anonymous_4)
DA:0,1
DA:7,0
DA:8,0
DA:9,0
DA:10,0
DA:11,0
DA:12,0
DA:15,0
DA:16,0
DA:17,0
DA:18,0
DA:22,0
DA:23,0
DA:24,0
DA:25,0
DA:28,1
DA:29,0
DA:30,0
DA:34,0
DA:35,0
DA:38,0
LF:21
LH:2
BRDA:31,1,0,0
BRDA:31,1,1,0
BRDA:31,2,0,0
BRDA:31,2,1,0
BRF:4
BRH:4
end_of_record
TN:
SF:/app/web2/server/index.js
FNF:0
FNH:0
DA:4,0
DA:6,0
DA:8,0
DA:12,0
LF:4
LH:0
BRDA:6,1,0,0
BRDA:6,1,1,0
BRDA:8,2,0,0
BRDA:8,2,1,0
BRDA:8,3,0,0
BRDA:8,3,1,0
BRF:6
BRH:0
end_of_record
TN:
SF:/app/web2/server/routes.js
FN:7,(anonymous_1)
FN:32,_interopRequireWildcard
FN:34,_interopRequireDefault
FNF:3
FNH:2
FNDA:0,(anonymous_1)
FNDA:0,_interopRequireWildcard
FNDA:0,_interopRequireDefault
DA:0,1
DA:5,0
DA:6,0
DA:8,0
DA:11,0
DA:12,0
DA:15,0
DA:19,0
DA:21,0
LF:9
LH:1
BRDA:32,1,0,0
BRDA:32,1,1,0
BRDA:32,2,0,0
BRDA:32,2,1,0
BRDA:32,3,0,0
BRDA:32,3,1,0
BRDA:32,4,0,0
BRDA:32,4,1,0
BRDA:34,5,0,0
BRDA:34,5,1,0
BRDA:34,6,0,0
BRDA:34,6,1,0
BRF:12
BRH:12
end_of_record
TN:
SF:/app/web2/server/auth/auth.service.js
FN:31,_interopRequireDefault
FN:41,isAuthenticated
FN:44,(anonymous_3)
FN:56,(anonymous_4)
FN:71,hasRole
FN:76,meetsRequirements
FN:88,signToken
FN:97,setTokenCookie
FNF:8
FNH:1
FNDA:0,_interopRequireDefault
FNDA:0,isAuthenticated
FNDA:0,(anonymous_3)
FNDA:0,(anonymous_4)
FNDA:0,hasRole
FNDA:0,meetsRequirements
FNDA:0,signToken
FNDA:0,setTokenCookie
DA:0,1
DA:1,0
DA:2,0
DA:3,0
DA:4,0
DA:5,0
DA:7,0
DA:15,1
DA:16,0
DA:20,0
DA:21,0
DA:24,0
DA:25,0
DA:27,0
DA:31,0
DA:33,0
DA:34,0
DA:36,0
DA:37,0
DA:38,0
DA:40,0
DA:47,1
DA:48,0
DA:49,0
DA:52,0
DA:55,0
DA:56,0
DA:58,0
DA:66,1
DA:67,0
DA:75,1
DA:76,0
DA:77,0
DA:79,0
DA:80,0
DA:81,0
LF:36
LH:5
BRDA:31,1,0,0
BRDA:31,1,1,0
BRDA:31,2,0,0
BRDA:31,2,1,0
BRDA:46,3,0,0
BRDA:46,3,1,0
BRDA:46,4,0,0
BRDA:46,4,1,0
BRDA:50,5,0,0
BRDA:50,5,1,0
BRDA:50,6,0,0
BRDA:50,6,1,0
BRDA:58,7,0,0
BRDA:58,7,1,0
BRDA:72,8,0,0
BRDA:72,8,1,0
BRDA:77,9,0,0
BRDA:77,9,1,0
BRDA:98,10,0,0
BRDA:98,10,1,0
BRF:20
BRH:4
end_of_record
TN:
SF:/app/web2/server/auth/index.js
FN:19,_interopRequireDefault
FNF:1
FNH:1
FNDA:0,_interopRequireDefault
DA:0,1
DA:1,0
DA:2,0
DA:3,0
DA:6,0
DA:7,0
DA:8,0
DA:9,0
DA:11,0
DA:13,0
DA:14,0
DA:15,0
DA:16,0
LF:13
LH:1
BRDA:19,1,0,0
BRDA:19,1,1,0
BRDA:19,2,0,0
BRDA:19,2,1,0
BRF:4
BRH:4
end_of_record
TN:
SF:/app/web2/server/config/express.js
FN:7,(anonymous_1)
FN:127,_interopRequireDefault
FNF:2
FNH:1
FNDA:0,(anonymous_1)
FNDA:0,_interopRequireDefault
DA:0,1
DA:5,0
DA:6,0
DA:7,0
DA:8,0
DA:9,0
DA:10,0
DA:11,0
DA:12,0
DA:13,0
DA:14,0
DA:15,0
DA:16,0
DA:17,0
DA:18,0
DA:21,0
DA:23,0
DA:24,0
DA:25,0
DA:28,0
DA:29,0
DA:32,0
DA:33,0
DA:34,0
DA:35,0
DA:37,0
DA:39,0
DA:40,0
DA:41,0
DA:42,0
DA:43,0
DA:44,0
DA:45,0
DA:46,0
DA:47,0
DA:51,0
DA:61,0
DA:62,0
DA:79,0
DA:80,0
LF:40
LH:1
BRDA:10,1,0,0
BRDA:10,1,1,0
BRDA:10,2,0,0
BRDA:10,2,1,0
BRDA:15,3,0,0
BRDA:15,3,1,0
BRDA:21,4,0,0
BRDA:21,4,1,0
BRDA:48,5,0,0
BRDA:48,5,1,0
BRDA:48,6,0,0
BRDA:48,6,1,0
BRDA:66,7,0,0
BRDA:66,7,1,0
BRDA:66,8,0,0
BRDA:66,8,1,0
BRDA:127,9,0,0
BRDA:127,9,1,0
BRDA:127,10,0,0
BRDA:127,10,1,0
BRF:20
BRH:4
end_of_record
TN:
SF:/app/web2/server/config/seed.js
FN:21,_interopRequireDefault
FN:28,seedDatabaseIfNeeded
FNF:2
FNH:1
FNDA:0,_interopRequireDefault
FNDA:0,seedDatabaseIfNeeded
DA:0,1
DA:6,0
DA:7,0
DA:9,1
DA:10,0
DA:11,0
DA:14,0
DA:16,0
DA:17,0
DA:29,0
DA:30,0
DA:31,0
DA:33,0
LF:13
LH:2
BRDA:21,1,0,0
BRDA:21,1,1,0
BRDA:21,2,0,0
BRDA:21,2,1,0
BRDA:29,3,0,0
BRDA:29,3,1,0
BRF:6
BRH:4
end_of_record
TN:
SF:/app/web2/server/api/myUsers/index.js
FN:16,_interopRequireWildcard
FN:18,_interopRequireDefault
FNF:2
FNH:2
FNDA:0,_interopRequireWildcard
FNDA:0,_interopRequireDefault
DA:0,1
DA:3,0
DA:5,0
DA:9,0
DA:11,0
DA:12,0
DA:14,0
DA:17,0
DA:20,0
LF:9
LH:1
BRDA:16,1,0,0
BRDA:16,1,1,0
BRDA:16,2,0,0
BRDA:16,2,1,0
BRDA:16,3,0,0
BRDA:16,3,1,0
BRDA:16,4,0,0
BRDA:16,4,1,0
BRDA:18,5,0,0
BRDA:18,5,1,0
BRDA:18,6,0,0
BRDA:18,6,1,0
BRF:12
BRH:12
end_of_record
TN:
SF:/app/web2/server/api/myUsers/users.controller.js
FN:20,_interopRequireDefault
FN:34,index
FN:44,show
FN:68,create
FN:89,upsert
FN:139,destroy
FNF:6
FNH:1
FNDA:0,_interopRequireDefault
FNDA:0,index
FNDA:0,show
FNDA:0,create
FNDA:0,upsert
FNDA:0,destroy
DA:0,1
DA:1,0
DA:3,0
DA:17,1
DA:19,0
DA:20,0
DA:27,1
DA:29,0
DA:30,0
DA:38,0
DA:39,0
DA:40,0
DA:42,0
DA:43,0
DA:51,1
DA:54,0
DA:55,0
DA:56,0
DA:57,0
DA:58,0
DA:59,0
DA:60,0
DA:62,0
DA:63,0
DA:72,1
DA:73,0
DA:74,0
DA:75,0
DA:76,0
DA:101,0
DA:108,0
DA:109,0
DA:110,0
DA:111,0
DA:114,0
DA:115,0
DA:123,1
DA:124,0
DA:125,0
DA:151,0
DA:154,0
DA:155,0
DA:156,0
DA:157,0
DA:159,0
LF:45
LH:6
BRDA:20,1,0,0
BRDA:20,1,1,0
BRDA:20,2,0,0
BRDA:20,2,1,0
BRDA:55,3,0,0
BRDA:55,3,1,0
BRDA:74,4,0,0
BRDA:74,4,1,0
BRDA:74,5,0,0
BRDA:74,5,1,0
BRDA:74,5,2,0
BRDA:74,5,3,0
BRDA:126,6,0,0
BRDA:126,6,1,0
BRDA:170,7,0,0
BRDA:170,7,1,0
BRF:16
BRH:4
end_of_record
TN:
SF:/app/web2/server/api/myUsers/users.model.js
FN:11,_interopRequireDefault
FN:14,(anonymous_2)
FN:18,(anonymous_3)
FN:23,(anonymous_4)
FN:38,(anonymous_5)
FN:53,(anonymous_6)
FN:82,(anonymous_7)
FNF:7
FNH:1
FNDA:0,_interopRequireDefault
FNDA:0,(anonymous_2)
FNDA:0,(anonymous_3)
FNDA:0,(anonymous_4)
FNDA:0,(anonymous_5)
FNDA:0,(anonymous_6)
FNDA:0,(anonymous_7)
DA:0,1
DA:1,0
DA:6,0
DA:11,0
DA:17,0
DA:18,0
DA:19,0
DA:20,0
DA:21,0
DA:22,0
DA:26,0
DA:33,0
DA:34,0
DA:40,0
DA:41,0
DA:48,0
DA:49,0
DA:50,0
DA:51,0
DA:52,0
DA:53,0
DA:56,0
DA:57,0
DA:58,0
DA:59,0
DA:60,0
DA:62,0
DA:68,0
DA:69,0
DA:74,0
DA:78,0
DA:79,0
DA:80,0
DA:81,0
DA:82,0
DA:83,0
DA:87,0
DA:88,0
DA:90,0
DA:91,0
DA:92,0
DA:93,0
DA:94,0
DA:98,0
DA:99,0
LF:45
LH:1
BRDA:11,1,0,0
BRDA:11,1,1,0
BRDA:11,2,0,0
BRDA:11,2,1,0
BRDA:29,3,0,0
BRDA:29,3,1,0
BRDA:60,4,0,0
BRDA:60,4,1,0
BRDA:65,5,0,0
BRDA:65,5,1,0
BRDA:90,6,0,0
BRDA:90,6,1,0
BRDA:96,7,0,0
BRDA:96,7,1,0
BRDA:102,8,0,0
BRDA:102,8,1,0
BRF:16
BRH:4
end_of_record
TN:
SF:/app/web2/server/api/users/index.js
FN:13,_interopRequireWildcard
FNF:1
FNH:1
FNDA:0,_interopRequireWildcard
DA:0,1
DA:1,0
DA:2,0
DA:3,0
DA:5,0
DA:7,0
DA:8,0
DA:9,0
DA:10,0
DA:11,0
DA:12,0
DA:14,0
LF:12
LH:1
BRDA:13,1,0,0
BRDA:13,1,1,0
BRDA:13,2,0,0
BRDA:13,2,1,0
BRDA:13,3,0,0
BRDA:13,3,1,0
BRDA:13,4,0,0
BRDA:13,4,1,0
BRF:8
BRH:8
end_of_record
TN:
SF:/app/web2/server/api/users/users.controller.js
FN:26,_interopRequireDefault
FN:28,validationError
FN:30,(anonymous_3)
FN:35,handleError
FN:37,(anonymous_5)
FN:46,index
FN:55,create
FN:59,(anonymous_8)
FN:70,show
FN:85,destroy
FN:86,(anonymous_11)
FN:94,changePassword
FN:114,me
FN:129,authCallback
FNF:14
FNH:1
FNDA:0,_interopRequireDefault
FNDA:0,validationError
FNDA:0,(anonymous_3)
FNDA:0,handleError
FNDA:0,(anonymous_5)
FNDA:0,index
FNDA:0,create
FNDA:0,(anonymous_8)
FNDA:0,show
FNDA:0,destroy
FNDA:0,(anonymous_11)
FNDA:0,changePassword
FNDA:0,me
FNDA:0,authCallback
DA:0,1
DA:2,0
DA:3,0
DA:4,0
DA:6,1
DA:7,0
DA:8,0
DA:9,0
DA:13,1
DA:14,0
DA:15,0
DA:16,0
DA:24,1
DA:25,0
DA:27,0
DA:35,1
DA:36,0
DA:37,0
DA:38,0
DA:39,0
DA:41,0
DA:44,0
DA:52,1
DA:53,0
DA:55,0
DA:57,0
DA:58,0
DA:60,0
DA:62,0
DA:69,1
DA:70,0
DA:72,0
DA:80,1
DA:81,0
DA:82,0
DA:83,0
DA:85,0
DA:87,0
DA:88,0
DA:89,0
DA:91,0
DA:95,0
DA:103,1
DA:104,0
DA:106,0
DA:108,0
DA:109,0
DA:111,0
DA:113,0
DA:119,1
DA:120,0
LF:51
LH:10
BRDA:26,1,0,0
BRDA:26,1,1,0
BRDA:26,2,0,0
BRDA:26,2,1,0
BRDA:29,3,0,0
BRDA:29,3,1,0
BRDA:36,4,0,0
BRDA:36,4,1,0
BRDA:74,5,0,0
BRDA:74,5,1,0
BRDA:100,6,0,0
BRDA:100,6,1,0
BRDA:119,7,0,0
BRDA:119,7,1,0
BRF:14
BRH:4
end_of_record
TN:
SF:/app/web2/server/api/users/users.events.js
FN:26,registerEvents
FN:33,emitEvent
FN:34,(anonymous_3)
FNF:3
FNH:0
FNDA:0,registerEvents
FNDA:0,emitEvent
FNDA:0,(anonymous_3)
DA:0,1
DA:5,0
DA:6,0
DA:9,0
DA:12,0
DA:18,1
DA:19,0
DA:20,0
DA:21,0
DA:25,1
DA:26,0
DA:27,0
DA:28,0
LF:13
LH:3
BRF:0
BRH:0
end_of_record
TN:
SF:/app/web2/server/api/users/users.model.js
FN:17,_interopRequireDefault
FN:29,(anonymous_2)
FN:43,(anonymous_3)
FN:64,(anonymous_4)
FN:72,(anonymous_5)
FN:84,(anonymous_6)
FN:92,(anonymous_7)
FN:100,(anonymous_8)
FN:118,(anonymous_9)
FN:125,(anonymous_10)
FN:167,(anonymous_11)
FN:193,(anonymous_12)
FN:228,(anonymous_13)
FNF:13
FNH:1
FNDA:0,_interopRequireDefault
FNDA:0,(anonymous_2)
FNDA:0,(anonymous_3)
FNDA:0,(anonymous_4)
FNDA:0,(anonymous_5)
FNDA:0,(anonymous_6)
FNDA:0,(anonymous_7)
FNDA:0,(anonymous_8)
FNDA:0,(anonymous_9)
FNDA:0,(anonymous_10)
FNDA:0,(anonymous_11)
FNDA:0,(anonymous_12)
FNDA:0,(anonymous_13)
DA:0,1
DA:2,0
DA:4,0
DA:5,0
DA:7,0
DA:9,0
DA:15,0
DA:16,0
DA:18,0
DA:29,0
DA:30,0
DA:32,0
DA:49,0
DA:52,0
DA:59,0
DA:62,0
DA:73,0
DA:76,0
DA:77,0
DA:79,0
DA:83,0
DA:86,0
DA:87,0
DA:89,0
DA:93,0
DA:96,0
DA:97,0
DA:100,0
DA:102,0
DA:103,0
DA:104,0
DA:106,0
DA:108,0
DA:111,0
DA:115,0
DA:116,0
DA:122,0
DA:125,0
DA:126,0
DA:129,0
DA:130,0
DA:131,0
DA:133,0
DA:138,0
DA:139,0
DA:140,0
DA:142,0
DA:143,0
DA:144,0
DA:145,0
DA:147,0
DA:148,0
DA:156,0
DA:166,0
DA:167,0
DA:170,0
DA:171,0
DA:172,0
DA:175,0
DA:176,0
DA:178,0
DA:192,0
DA:193,0
DA:194,0
DA:196,0
DA:197,0
DA:198,0
DA:199,0
DA:200,0
DA:202,0
DA:205,0
DA:206,0
DA:209,0
DA:210,0
DA:211,0
DA:213,0
DA:227,0
DA:228,0
DA:229,0
DA:231,0
DA:235,0
DA:236,0
DA:237,0
DA:239,0
DA:240,0
DA:244,0
DA:245,0
DA:246,0
DA:248,0
DA:254,0
LF:90
LH:1
BRDA:17,1,0,0
BRDA:17,1,1,0
BRDA:17,2,0,0
BRDA:17,2,1,0
BRDA:30,3,0,0
BRDA:30,3,1,0
BRDA:44,4,0,0
BRDA:44,4,1,0
BRDA:85,5,0,0
BRDA:85,5,1,0
BRDA:93,6,0,0
BRDA:93,6,1,0
BRDA:101,7,0,0
BRDA:101,7,1,0
BRDA:106,8,0,0
BRDA:106,8,1,0
BRDA:107,9,0,0
BRDA:107,9,1,0
BRDA:119,10,0,0
BRDA:119,10,1,0
BRDA:127,11,0,0
BRDA:127,11,1,0
BRDA:131,12,0,0
BRDA:131,12,1,0
BRDA:132,13,0,0
BRDA:132,13,1,0
BRDA:141,14,0,0
BRDA:141,14,1,0
BRDA:146,15,0,0
BRDA:146,15,1,0
BRDA:168,16,0,0
BRDA:168,16,1,0
BRDA:173,17,0,0
BRDA:173,17,1,0
BRDA:177,18,0,0
BRDA:177,18,1,0
BRDA:198,19,0,0
BRDA:198,19,1,0
BRDA:201,20,0,0
BRDA:201,20,1,0
BRDA:207,21,0,0
BRDA:207,21,1,0
BRDA:212,22,0,0
BRDA:212,22,1,0
BRDA:229,23,0,0
BRDA:229,23,1,0
BRDA:229,24,0,0
BRDA:229,24,1,0
BRDA:230,25,0,0
BRDA:230,25,1,0
BRDA:241,26,0,0
BRDA:241,26,1,0
BRDA:246,27,0,0
BRDA:246,27,1,0
BRF:54
BRH:4
end_of_record
TN:
SF:/app/web2/server/auth/google/index.js
FN:17,_interopRequireDefault
FNF:1
FNH:1
FNDA:0,_interopRequireDefault
DA:0,1
DA:1,0
DA:2,0
DA:3,0
DA:5,0
DA:7,0
LF:6
LH:1
BRDA:17,1,0,0
BRDA:17,1,1,0
BRDA:17,2,0,0
BRDA:17,2,1,0
BRF:4
BRH:4
end_of_record
TN:
SF:/app/web2/server/auth/google/passport.js
FN:14,_interopRequireDefault
FN:16,setup
FN:21,(anonymous_3)
FNF:3
FNH:1
FNDA:0,_interopRequireDefault
FNDA:0,setup
FNDA:0,(anonymous_3)
DA:0,1
DA:1,0
DA:2,0
DA:4,1
DA:5,0
DA:11,0
DA:13,0
DA:14,0
DA:17,0
DA:25,0
DA:26,0
DA:27,0
DA:29,0
LF:13
LH:2
BRDA:14,1,0,0
BRDA:14,1,1,0
BRDA:14,2,0,0
BRDA:14,2,1,0
BRDA:23,3,0,0
BRDA:23,3,1,0
BRF:6
BRH:4
end_of_record
TN:
SF:/app/web2/server/auth/local/index.js
FN:17,_interopRequireDefault
FN:21,(anonymous_2)
FN:22,(anonymous_3)
FNF:3
FNH:1
FNDA:0,_interopRequireDefault
FNDA:0,(anonymous_2)
FNDA:0,(anonymous_3)
DA:0,1
DA:1,0
DA:2,0
DA:3,0
DA:5,0
DA:7,0
DA:8,0
DA:9,0
DA:10,0
DA:11,0
DA:13,0
DA:14,0
DA:17,0
DA:18,0
LF:14
LH:1
BRDA:17,1,0,0
BRDA:17,1,1,0
BRDA:17,2,0,0
BRDA:17,2,1,0
BRDA:23,3,0,0
BRDA:23,3,1,0
BRDA:24,4,0,0
BRDA:24,4,1,0
BRDA:27,5,0,0
BRDA:27,5,1,0
BRF:10
BRH:4
end_of_record
TN:
SF:/app/web2/server/auth/local/passport.js
FN:14,_interopRequireDefault
FN:16,localAuthenticate
FN:25,(anonymous_3)
FN:38,setup
FN:42,(anonymous_5)
FNF:5
FNH:1
FNDA:0,_interopRequireDefault
FNDA:0,localAuthenticate
FNDA:0,(anonymous_3)
FNDA:0,setup
FNDA:0,(anonymous_5)
DA:0,1
DA:1,0
DA:2,0
DA:4,1
DA:5,0
DA:9,0
DA:10,0
DA:14,0
DA:15,0
DA:16,0
DA:18,0
DA:19,0
DA:21,0
DA:25,0
DA:28,1
DA:29,0
DA:33,0
LF:17
LH:3
BRDA:14,1,0,0
BRDA:14,1,1,0
BRDA:14,2,0,0
BRDA:14,2,1,0
BRDA:20,3,0,0
BRDA:20,3,1,0
BRDA:26,4,0,0
BRDA:26,4,1,0
BRDA:29,5,0,0
BRDA:29,5,1,0
BRF:10
BRH:4
end_of_record
TN:
SF:/app/web2/server/auth/facebook/index.js
FN:17,_interopRequireDefault
FNF:1
FNH:1
FNDA:0,_interopRequireDefault
DA:0,1
DA:1,0
DA:2,0
DA:3,0
DA:5,0
DA:7,0
LF:6
LH:1
BRDA:17,1,0,0
BRDA:17,1,1,0
BRDA:17,2,0,0
BRDA:17,2,1,0
BRF:4
BRH:4
end_of_record
TN:
SF:/app/web2/server/auth/facebook/passport.js
FN:14,_interopRequireDefault
FN:16,setup
FN:22,(anonymous_3)
FNF:3
FNH:1
FNDA:0,_interopRequireDefault
FNDA:0,setup
FNDA:0,(anonymous_3)
DA:0,1
DA:1,0
DA:2,0
DA:4,1
DA:5,0
DA:15,0
DA:17,0
DA:18,0
DA:21,0
DA:28,0
DA:29,0
DA:30,0
DA:32,0
LF:13
LH:2
BRDA:14,1,0,0
BRDA:14,1,1,0
BRDA:14,2,0,0
BRDA:14,2,1,0
BRDA:24,3,0,0
BRDA:24,3,1,0
BRF:6
BRH:4
end_of_record
TN:
SF:/app/web2/server/config/environment/development.js
FNF:0
FNH:0
DA:5,0
LF:1
LH:0
BRDA:11,1,0,0
BRDA:11,1,1,0
BRF:2
BRH:0
end_of_record
TN:
SF:/app/web2/server/config/environment/index.js
FN:11,_interopRequireDefault
FNF:1
FNH:1
FNDA:0,_interopRequireDefault
DA:0,1
DA:3,0
DA:4,0
DA:15,0
DA:69,0
LF:5
LH:1
BRDA:11,1,0,0
BRDA:11,1,1,0
BRDA:11,2,0,0
BRDA:11,2,1,0
BRDA:31,3,0,0
BRDA:31,3,1,0
BRDA:34,4,0,0
BRDA:34,4,1,0
BRDA:37,5,0,0
BRDA:37,5,1,0
BRDA:58,6,0,0
BRDA:58,6,1,0
BRDA:59,7,0,0
BRDA:59,7,1,0
BRDA:60,8,0,0
BRDA:60,8,1,0
BRDA:64,9,0,0
BRDA:64,9,1,0
BRDA:65,10,0,0
BRDA:65,10,1,0
BRDA:66,11,0,0
BRDA:66,11,1,0
BRDA:70,12,0,0
BRDA:70,12,1,0
BRDA:71,13,0,0
BRDA:71,13,1,0
BRDA:72,14,0,0
BRDA:72,14,1,0
BRDA:78,15,0,0
BRDA:78,15,1,0
BRF:30
BRH:4
end_of_record
TN:
SF:/app/web2/server/config/environment/production.js
FNF:0
FNH:0
DA:5,0
LF:1
LH:0
BRDA:9,1,0,0
BRDA:9,1,1,0
BRDA:9,1,2,0
BRDA:12,2,0,0
BRDA:12,2,1,0
BRDA:12,2,2,0
BRDA:17,3,0,0
BRDA:17,3,1,0
BRDA:17,3,2,0
BRDA:17,3,3,0
BRF:10
BRH:0
end_of_record
TN:
SF:/app/web2/server/config/environment/shared.js
FNF:0
FNH:0
DA:0,1
DA:3,0
DA:4,0
DA:6,0
DA:9,0
LF:5
LH:1
BRDA:9,1,0,0
BRDA:9,1,1,0
BRF:2
BRH:0
end_of_record
TN:
SF:/app/web2/server/config/environment/test.js
FNF:0
FNH:0
DA:5,0
LF:1
LH:0
BRDA:11,1,0,0
BRDA:11,1,1,0
BRF:2
BRH:0
end_of_record
TN:
SF:/app/web2/server/auth/twitter/index.js
FN:17,_interopRequireDefault
FNF:1
FNH:1
FNDA:0,_interopRequireDefault
DA:0,1
DA:1,0
DA:2,0
DA:3,0
DA:5,0
DA:7,0
LF:6
LH:1
BRDA:17,1,0,0
BRDA:17,1,1,0
BRDA:17,2,0,0
BRDA:17,2,1,0
BRF:4
BRH:4
end_of_record
TN:
SF:/app/web2/server/auth/twitter/passport.js
FN:14,_interopRequireDefault
FN:16,setup
FN:21,(anonymous_3)
FNF:3
FNH:1
FNDA:0,_interopRequireDefault
FNDA:0,setup
FNDA:0,(anonymous_3)
DA:0,1
DA:1,0
DA:2,0
DA:4,1
DA:5,0
DA:11,0
DA:12,0
DA:14,0
DA:16,0
DA:17,0
DA:20,0
DA:27,0
DA:28,0
DA:29,0
DA:31,0
LF:15
LH:2
BRDA:14,1,0,0
BRDA:14,1,1,0
BRDA:14,2,0,0
BRDA:14,2,1,0
BRDA:26,3,0,0
BRDA:26,3,1,0
BRF:6
BRH:4
end_of_record
TN:
SF:/app/web2/server/components/errors/index.js
FN:7,pageNotFound
FN:15,(anonymous_2)
FNF:2
FNH:0
FNDA:0,pageNotFound
FNDA:0,(anonymous_2)
DA:5,0
DA:6,0
DA:7,0
DA:8,0
DA:12,0
DA:13,0
DA:14,0
DA:15,0
DA:18,0
LF:9
LH:0
BRDA:16,1,0,0
BRDA:16,1,1,0
BRF:2
BRH:0
end_of_record
